TpTrace Verbose: 0 : 28952, 1, 2023/07/14, 23:16:21.732, 3638333321098, vstest.console.dll, Version: 17.4.0-release-20221019-01 Current process architecture: X64
TpTrace Verbose: 0 : 28952, 1, 2023/07/14, 23:16:21.746, 3638333458107, vstest.console.dll, Runtime location: C:\Program Files\dotnet\shared\Microsoft.NETCore.App\7.0.1
TpTrace Verbose: 0 : 28952, 1, 2023/07/14, 23:16:21.757, 3638333570556, vstest.console.dll, ArtifactProcessingPostProcessModeProcessorExecutor.Initialize: ArtifactProcessingMode.Collect
TpTrace Verbose: 0 : 28952, 1, 2023/07/14, 23:16:21.757, 3638333572919, vstest.console.dll, TestSessionCorrelationIdProcessorModeProcessorExecutor.Initialize: TestSessionCorrelationId '6320_284d79e3-5e5e-4db6-955a-ed591831d097'
TpTrace Information: 0 : 28952, 1, 2023/07/14, 23:16:21.778, 3638333783485, vstest.console.dll, FilePatternParser: The given file C:\GitHub\BurgerMasters-Back-end\BurgerMasters\BurgerMasters.UnitTests\bin\Debug\net6.0\fine-code-coverage\build-output\BurgerMasters.UnitTests.dll is a full path.
TpTrace Verbose: 0 : 28952, 1, 2023/07/14, 23:16:21.825, 3638334249890, vstest.console.dll, TestPluginCache.DiscoverTestExtensions: finding test extensions in assemblies ends with: RuntimeProvider.dll TPluginInfo: Microsoft.VisualStudio.TestPlatform.Common.ExtensionFramework.Utilities.TestRuntimePluginInformation TExtension: Microsoft.VisualStudio.TestPlatform.ObjectModel.Host.ITestRuntimeProvider
TpTrace Verbose: 0 : 28952, 1, 2023/07/14, 23:16:21.825, 3638334253420, vstest.console.dll, TestPluginCache.GetExtensionPaths: Filtered extension paths: 
TpTrace Verbose: 0 : 28952, 1, 2023/07/14, 23:16:21.825, 3638334254586, vstest.console.dll, TestPluginCache.GetExtensionPaths: Added default extension paths: C:\Program Files\dotnet\sdk\7.0.101\Extensions\Microsoft.Diagnostics.NETCore.Client.dll
C:\Program Files\dotnet\sdk\7.0.101\Extensions\Microsoft.TestPlatform.Extensions.BlameDataCollector.dll
C:\Program Files\dotnet\sdk\7.0.101\Extensions\Microsoft.TestPlatform.Extensions.EventLogCollector.dll
C:\Program Files\dotnet\sdk\7.0.101\Extensions\Microsoft.TestPlatform.TestHostRuntimeProvider.dll
C:\Program Files\dotnet\sdk\7.0.101\Extensions\Microsoft.VisualStudio.TestPlatform.Extensions.Html.TestLogger.dll
C:\Program Files\dotnet\sdk\7.0.101\Extensions\Microsoft.VisualStudio.TestPlatform.Extensions.Trx.TestLogger.dll
TpTrace Verbose: 0 : 28952, 1, 2023/07/14, 23:16:21.825, 3638334254960, vstest.console.dll, TestPluginCache.GetExtensionPaths: Added unfilterableExtensionPaths: 
TpTrace Information: 0 : 28952, 1, 2023/07/14, 23:16:21.827, 3638334266188, vstest.console.dll, AssemblyResolver.ctor: Creating AssemblyResolver with searchDirectories C:\Program Files\dotnet\sdk\7.0.101\Extensions,C:\Program Files\dotnet\sdk\7.0.101
TpTrace Verbose: 0 : 28952, 1, 2023/07/14, 23:16:21.832, 3638334320218, vstest.console.dll, TestPluginCache.DiscoverTestExtensions: Discovering the extensions using extension path.
TpTrace Verbose: 0 : 28952, 1, 2023/07/14, 23:16:21.832, 3638334322741, vstest.console.dll, TestPluginCache.GetExtensionPaths: Filtered extension paths: 
TpTrace Verbose: 0 : 28952, 1, 2023/07/14, 23:16:21.832, 3638334323304, vstest.console.dll, TestPluginCache.GetExtensionPaths: Added default extension paths: C:\Program Files\dotnet\sdk\7.0.101\Extensions\Microsoft.Diagnostics.NETCore.Client.dll
C:\Program Files\dotnet\sdk\7.0.101\Extensions\Microsoft.TestPlatform.Extensions.BlameDataCollector.dll
C:\Program Files\dotnet\sdk\7.0.101\Extensions\Microsoft.TestPlatform.Extensions.EventLogCollector.dll
C:\Program Files\dotnet\sdk\7.0.101\Extensions\Microsoft.TestPlatform.TestHostRuntimeProvider.dll
C:\Program Files\dotnet\sdk\7.0.101\Extensions\Microsoft.VisualStudio.TestPlatform.Extensions.Html.TestLogger.dll
C:\Program Files\dotnet\sdk\7.0.101\Extensions\Microsoft.VisualStudio.TestPlatform.Extensions.Trx.TestLogger.dll
TpTrace Verbose: 0 : 28952, 1, 2023/07/14, 23:16:21.832, 3638334323605, vstest.console.dll, TestPluginCache.GetExtensionPaths: Added unfilterableExtensionPaths: 
TpTrace Verbose: 0 : 28952, 1, 2023/07/14, 23:16:21.832, 3638334325521, vstest.console.dll, TestPluginCache.DiscoverTestExtensions: Discovering the extensions using allExtensionPaths: C:\Program Files\dotnet\sdk\7.0.101\Extensions\Microsoft.Diagnostics.NETCore.Client.dll
C:\Program Files\dotnet\sdk\7.0.101\Extensions\Microsoft.TestPlatform.Extensions.BlameDataCollector.dll
C:\Program Files\dotnet\sdk\7.0.101\Extensions\Microsoft.TestPlatform.Extensions.EventLogCollector.dll
C:\Program Files\dotnet\sdk\7.0.101\Extensions\Microsoft.TestPlatform.TestHostRuntimeProvider.dll
C:\Program Files\dotnet\sdk\7.0.101\Extensions\Microsoft.VisualStudio.TestPlatform.Extensions.Html.TestLogger.dll
C:\Program Files\dotnet\sdk\7.0.101\Extensions\Microsoft.VisualStudio.TestPlatform.Extensions.Trx.TestLogger.dll
TpTrace Information: 0 : 28952, 1, 2023/07/14, 23:16:21.833, 3638334328172, vstest.console.dll, AssemblyResolver.AddSearchDirectories: Adding more searchDirectories C:\Program Files\dotnet\sdk\7.0.101\Extensions,C:\Program Files\dotnet\sdk\7.0.101
TpTrace Information: 0 : 28952, 1, 2023/07/14, 23:16:21.833, 3638334328911, vstest.console.dll, AssemblyResolver.AddSearchDirectories: Adding more searchDirectories C:\Program Files\dotnet\sdk\7.0.101\Extensions,C:\Program Files\dotnet\sdk\7.0.101
TpTrace Information: 0 : 28952, 1, 2023/07/14, 23:16:21.833, 3638334329222, vstest.console.dll, AssemblyResolver.AddSearchDirectories: Adding more searchDirectories C:\Program Files\dotnet\sdk\7.0.101\Extensions,C:\Program Files\dotnet\sdk\7.0.101
TpTrace Information: 0 : 28952, 1, 2023/07/14, 23:16:21.833, 3638334329501, vstest.console.dll, AssemblyResolver.AddSearchDirectories: Adding more searchDirectories C:\Program Files\dotnet\sdk\7.0.101\Extensions,C:\Program Files\dotnet\sdk\7.0.101
TpTrace Information: 0 : 28952, 1, 2023/07/14, 23:16:21.833, 3638334329817, vstest.console.dll, AssemblyResolver.AddSearchDirectories: Adding more searchDirectories C:\Program Files\dotnet\sdk\7.0.101\Extensions,C:\Program Files\dotnet\sdk\7.0.101
TpTrace Information: 0 : 28952, 1, 2023/07/14, 23:16:21.833, 3638334330084, vstest.console.dll, AssemblyResolver.AddSearchDirectories: Adding more searchDirectories C:\Program Files\dotnet\sdk\7.0.101\Extensions,C:\Program Files\dotnet\sdk\7.0.101
TpTrace Information: 0 : 28952, 1, 2023/07/14, 23:16:21.833, 3638334335942, vstest.console.dll, AssemblyResolver.OnResolve: Microsoft.Diagnostics.NETCore.Client: Resolving assembly.
TpTrace Information: 0 : 28952, 1, 2023/07/14, 23:16:21.834, 3638334336842, vstest.console.dll, AssemblyResolver.OnResolve: Microsoft.Diagnostics.NETCore.Client: Searching in: 'C:\Program Files\dotnet\sdk\7.0.101\Extensions'.
TpTrace Information: 0 : 28952, 1, 2023/07/14, 23:16:21.845, 3638334451001, vstest.console.dll, AssemblyResolver.OnResolve: Microsoft.Diagnostics.NETCore.Client: Loading assembly 'C:\Program Files\dotnet\sdk\7.0.101\Extensions\Microsoft.Diagnostics.NETCore.Client.dll'.
TpTrace Information: 0 : 28952, 1, 2023/07/14, 23:16:21.847, 3638334467348, vstest.console.dll, AssemblyResolver.OnResolve: Resolved assembly: Microsoft.Diagnostics.NETCore.Client, from path: C:\Program Files\dotnet\sdk\7.0.101\Extensions\Microsoft.Diagnostics.NETCore.Client.dll
TpTrace Verbose: 0 : 28952, 1, 2023/07/14, 23:16:21.850, 3638334497877, vstest.console.dll, MetadataReaderExtensionsHelper: Discovering extensions inside assembly 'Microsoft.Diagnostics.NETCore.Client, Version=0.2.6.42401, Culture=neutral, PublicKeyToken=31bf3856ad364e35' file path 'C:\Program Files\dotnet\sdk\7.0.101\Extensions\Microsoft.Diagnostics.NETCore.Client.dll'
TpTrace Information: 0 : 28952, 1, 2023/07/14, 23:16:21.854, 3638334542175, vstest.console.dll, AssemblyResolver.OnResolve: Microsoft.Bcl.AsyncInterfaces: Resolving assembly.
TpTrace Information: 0 : 28952, 1, 2023/07/14, 23:16:21.854, 3638334543149, vstest.console.dll, AssemblyResolver.OnResolve: Microsoft.Bcl.AsyncInterfaces: Searching in: 'C:\Program Files\dotnet\sdk\7.0.101\Extensions'.
TpTrace Information: 0 : 28952, 1, 2023/07/14, 23:16:21.854, 3638334543893, vstest.console.dll, AssemblyResolver.OnResolve: Microsoft.Bcl.AsyncInterfaces: Assembly path does not exist: 'C:\Program Files\dotnet\sdk\7.0.101\Extensions\Microsoft.Bcl.AsyncInterfaces.dll', returning.
TpTrace Information: 0 : 28952, 1, 2023/07/14, 23:16:21.854, 3638334545070, vstest.console.dll, AssemblyResolver.OnResolve: Microsoft.Bcl.AsyncInterfaces: Assembly path does not exist: 'C:\Program Files\dotnet\sdk\7.0.101\Extensions\Microsoft.Bcl.AsyncInterfaces.exe', returning.
TpTrace Information: 0 : 28952, 1, 2023/07/14, 23:16:21.854, 3638334545430, vstest.console.dll, AssemblyResolver.OnResolve: Microsoft.Bcl.AsyncInterfaces: Searching in: 'C:\Program Files\dotnet\sdk\7.0.101'.
TpTrace Information: 0 : 28952, 1, 2023/07/14, 23:16:21.854, 3638334546007, vstest.console.dll, AssemblyResolver.OnResolve: Microsoft.Bcl.AsyncInterfaces: Assembly path does not exist: 'C:\Program Files\dotnet\sdk\7.0.101\Microsoft.Bcl.AsyncInterfaces.dll', returning.
TpTrace Information: 0 : 28952, 1, 2023/07/14, 23:16:21.855, 3638334546767, vstest.console.dll, AssemblyResolver.OnResolve: Microsoft.Bcl.AsyncInterfaces: Assembly path does not exist: 'C:\Program Files\dotnet\sdk\7.0.101\Microsoft.Bcl.AsyncInterfaces.exe', returning.
TpTrace Information: 0 : 28952, 1, 2023/07/14, 23:16:21.855, 3638334547161, vstest.console.dll, AssemblyResolver.OnResolve: Microsoft.Bcl.AsyncInterfaces: Failed to load assembly.
TpTrace Verbose: 0 : 28952, 1, 2023/07/14, 23:16:21.855, 3638334547722, vstest.console.dll, CurrentDomainAssemblyResolve: Resolving assembly 'Microsoft.Bcl.AsyncInterfaces'.
TpTrace Information: 0 : 28952, 1, 2023/07/14, 23:16:21.855, 3638334548766, vstest.console.dll, AssemblyResolver.OnResolve: Microsoft.Bcl.AsyncInterfaces: Resolving assembly.
TpTrace Information: 0 : 28952, 1, 2023/07/14, 23:16:21.855, 3638334549297, vstest.console.dll, AssemblyResolver.OnResolve: Microsoft.Bcl.AsyncInterfaces: Resolved from cache.
TpTrace Verbose: 0 : 28952, 1, 2023/07/14, 23:16:21.855, 3638334549771, vstest.console.dll, CurrentDomainAssemblyResolve: Resolving assembly 'Microsoft.Bcl.AsyncInterfaces'.
TpTrace Verbose: 0 : 28952, 1, 2023/07/14, 23:16:21.855, 3638334550312, vstest.console.dll, CurrentDomainAssemblyResolve: Failed to resolve assembly 'Microsoft.Bcl.AsyncInterfaces'.
TpTrace Verbose: 0 : 28952, 1, 2023/07/14, 23:16:21.906, 3638335063053, vstest.console.dll, CurrentDomainAssemblyResolve: Failed to resolve assembly 'Microsoft.Bcl.AsyncInterfaces'.
TpTrace Warning: 0 : 28952, 1, 2023/07/14, 23:16:21.932, 3638335317616, vstest.console.dll, TestPluginDiscoverer: Failed to get types from assembly 'Microsoft.Diagnostics.NETCore.Client, Version=0.2.6.42401, Culture=neutral, PublicKeyToken=31bf3856ad364e35'. Error: System.Reflection.ReflectionTypeLoadException: Unable to load one or more of the requested types.
Could not load file or assembly 'Microsoft.Bcl.AsyncInterfaces, Version=1.0.0.0, Culture=neutral, PublicKeyToken=cc7b13ffcd2ddd51'. The system cannot find the file specified.
   at System.Reflection.RuntimeModule.GetTypes(RuntimeModule module)
   at System.Reflection.Assembly.GetTypes()
   at Microsoft.VisualStudio.TestPlatform.Common.ExtensionFramework.TestPluginDiscoverer.GetTestExtensionsFromAssembly[TPluginInfo,TExtension](Assembly assembly, Dictionary`2 pluginInfos, String filePath)
System.IO.FileNotFoundException: Could not load file or assembly 'Microsoft.Bcl.AsyncInterfaces, Version=1.0.0.0, Culture=neutral, PublicKeyToken=cc7b13ffcd2ddd51'. The system cannot find the file specified.
File name: 'Microsoft.Bcl.AsyncInterfaces, Version=1.0.0.0, Culture=neutral, PublicKeyToken=cc7b13ffcd2ddd51'
 ---> System.IO.FileNotFoundException: Could not load file or assembly 'Microsoft.Bcl.AsyncInterfaces, Culture=neutral, PublicKeyToken=null'. The system cannot find the file specified.
File name: 'Microsoft.Bcl.AsyncInterfaces, Culture=neutral, PublicKeyToken=null'
   at System.Reflection.RuntimeAssembly.InternalLoad(AssemblyName assemblyName, StackCrawlMark& stackMark, AssemblyLoadContext assemblyLoadContext, RuntimeAssembly requestingAssembly, Boolean throwOnFileNotFound)
   at System.Reflection.Assembly.Load(AssemblyName assemblyRef)
   at Microsoft.VisualStudio.TestPlatform.Common.ExtensionFramework.TestPluginCache.CurrentDomainAssemblyResolve(Object sender, AssemblyResolveEventArgs args)
   at System.Runtime.Loader.AssemblyLoadContext.GetFirstResolvedAssemblyFromResolvingEvent(AssemblyName assemblyName)
   at System.Runtime.Loader.AssemblyLoadContext.ResolveUsingEvent(AssemblyName assemblyName)
   at System.Runtime.Loader.AssemblyLoadContext.ResolveUsingResolvingEvent(IntPtr gchManagedAssemblyLoadContext, AssemblyName assemblyName)
TpTrace Warning: 0 : 28952, 1, 2023/07/14, 23:16:21.932, 3638335322127, vstest.console.dll, LoaderExceptions: System.IO.FileNotFoundException: Could not load file or assembly 'Microsoft.Bcl.AsyncInterfaces, Version=1.0.0.0, Culture=neutral, PublicKeyToken=cc7b13ffcd2ddd51'. The system cannot find the file specified.
File name: 'Microsoft.Bcl.AsyncInterfaces, Version=1.0.0.0, Culture=neutral, PublicKeyToken=cc7b13ffcd2ddd51'
 ---> System.IO.FileNotFoundException: Could not load file or assembly 'Microsoft.Bcl.AsyncInterfaces, Culture=neutral, PublicKeyToken=null'. The system cannot find the file specified.
File name: 'Microsoft.Bcl.AsyncInterfaces, Culture=neutral, PublicKeyToken=null'
   at System.Reflection.RuntimeAssembly.InternalLoad(AssemblyName assemblyName, StackCrawlMark& stackMark, AssemblyLoadContext assemblyLoadContext, RuntimeAssembly requestingAssembly, Boolean throwOnFileNotFound)
   at System.Reflection.Assembly.Load(AssemblyName assemblyRef)
   at Microsoft.VisualStudio.TestPlatform.Common.ExtensionFramework.TestPluginCache.CurrentDomainAssemblyResolve(Object sender, AssemblyResolveEventArgs args)
   at System.Runtime.Loader.AssemblyLoadContext.GetFirstResolvedAssemblyFromResolvingEvent(AssemblyName assemblyName)
   at System.Runtime.Loader.AssemblyLoadContext.ResolveUsingEvent(AssemblyName assemblyName)
   at System.Runtime.Loader.AssemblyLoadContext.ResolveUsingResolvingEvent(IntPtr gchManagedAssemblyLoadContext, AssemblyName assemblyName)
TpTrace Information: 0 : 28952, 1, 2023/07/14, 23:16:21.932, 3638335324286, vstest.console.dll, AssemblyResolver.OnResolve: Microsoft.TestPlatform.Extensions.BlameDataCollector: Resolving assembly.
TpTrace Information: 0 : 28952, 1, 2023/07/14, 23:16:21.932, 3638335324806, vstest.console.dll, AssemblyResolver.OnResolve: Microsoft.TestPlatform.Extensions.BlameDataCollector: Searching in: 'C:\Program Files\dotnet\sdk\7.0.101\Extensions'.
TpTrace Information: 0 : 28952, 1, 2023/07/14, 23:16:21.934, 3638335336782, vstest.console.dll, AssemblyResolver.OnResolve: Microsoft.TestPlatform.Extensions.BlameDataCollector: Loading assembly 'C:\Program Files\dotnet\sdk\7.0.101\Extensions\Microsoft.TestPlatform.Extensions.BlameDataCollector.dll'.
TpTrace Information: 0 : 28952, 1, 2023/07/14, 23:16:21.934, 3638335345402, vstest.console.dll, AssemblyResolver.OnResolve: Resolved assembly: Microsoft.TestPlatform.Extensions.BlameDataCollector, from path: C:\Program Files\dotnet\sdk\7.0.101\Extensions\Microsoft.TestPlatform.Extensions.BlameDataCollector.dll
TpTrace Verbose: 0 : 28952, 1, 2023/07/14, 23:16:21.935, 3638335346424, vstest.console.dll, MetadataReaderExtensionsHelper: Discovering extensions inside assembly 'Microsoft.TestPlatform.Extensions.BlameDataCollector, Version=15.0.0.0, Culture=neutral, PublicKeyToken=b03f5f7f11d50a3a' file path 'C:\Program Files\dotnet\sdk\7.0.101\Extensions\Microsoft.TestPlatform.Extensions.BlameDataCollector.dll'
TpTrace Information: 0 : 28952, 1, 2023/07/14, 23:16:21.937, 3638335366763, vstest.console.dll, AssemblyResolver.OnResolve: Microsoft.TestPlatform.Extensions.EventLogCollector: Resolving assembly.
TpTrace Information: 0 : 28952, 1, 2023/07/14, 23:16:21.937, 3638335367603, vstest.console.dll, AssemblyResolver.OnResolve: Microsoft.TestPlatform.Extensions.EventLogCollector: Searching in: 'C:\Program Files\dotnet\sdk\7.0.101\Extensions'.
TpTrace Information: 0 : 28952, 1, 2023/07/14, 23:16:21.937, 3638335372571, vstest.console.dll, AssemblyResolver.OnResolve: Microsoft.TestPlatform.Extensions.EventLogCollector: Loading assembly 'C:\Program Files\dotnet\sdk\7.0.101\Extensions\Microsoft.TestPlatform.Extensions.EventLogCollector.dll'.
TpTrace Information: 0 : 28952, 1, 2023/07/14, 23:16:21.938, 3638335377504, vstest.console.dll, AssemblyResolver.OnResolve: Resolved assembly: Microsoft.TestPlatform.Extensions.EventLogCollector, from path: C:\Program Files\dotnet\sdk\7.0.101\Extensions\Microsoft.TestPlatform.Extensions.EventLogCollector.dll
TpTrace Verbose: 0 : 28952, 1, 2023/07/14, 23:16:21.938, 3638335378290, vstest.console.dll, MetadataReaderExtensionsHelper: Discovering extensions inside assembly 'Microsoft.TestPlatform.Extensions.EventLogCollector, Version=15.0.0.0, Culture=neutral, PublicKeyToken=b03f5f7f11d50a3a' file path 'C:\Program Files\dotnet\sdk\7.0.101\Extensions\Microsoft.TestPlatform.Extensions.EventLogCollector.dll'
TpTrace Information: 0 : 28952, 1, 2023/07/14, 23:16:21.940, 3638335402254, vstest.console.dll, AssemblyResolver.OnResolve: Microsoft.TestPlatform.TestHostRuntimeProvider: Resolving assembly.
TpTrace Information: 0 : 28952, 1, 2023/07/14, 23:16:21.940, 3638335403003, vstest.console.dll, AssemblyResolver.OnResolve: Microsoft.TestPlatform.TestHostRuntimeProvider: Searching in: 'C:\Program Files\dotnet\sdk\7.0.101\Extensions'.
TpTrace Information: 0 : 28952, 1, 2023/07/14, 23:16:21.941, 3638335409202, vstest.console.dll, AssemblyResolver.OnResolve: Microsoft.TestPlatform.TestHostRuntimeProvider: Loading assembly 'C:\Program Files\dotnet\sdk\7.0.101\Extensions\Microsoft.TestPlatform.TestHostRuntimeProvider.dll'.
TpTrace Information: 0 : 28952, 1, 2023/07/14, 23:16:21.942, 3638335417321, vstest.console.dll, AssemblyResolver.OnResolve: Resolved assembly: Microsoft.TestPlatform.TestHostRuntimeProvider, from path: C:\Program Files\dotnet\sdk\7.0.101\Extensions\Microsoft.TestPlatform.TestHostRuntimeProvider.dll
TpTrace Verbose: 0 : 28952, 1, 2023/07/14, 23:16:21.942, 3638335418259, vstest.console.dll, MetadataReaderExtensionsHelper: Discovering extensions inside assembly 'Microsoft.TestPlatform.TestHostRuntimeProvider, Version=15.0.0.0, Culture=neutral, PublicKeyToken=b03f5f7f11d50a3a' file path 'C:\Program Files\dotnet\sdk\7.0.101\Extensions\Microsoft.TestPlatform.TestHostRuntimeProvider.dll'
TpTrace Information: 0 : 28952, 1, 2023/07/14, 23:16:21.944, 3638335440249, vstest.console.dll, GetTestExtensionFromType: Register extension with identifier data 'HostProvider://DefaultTestHost' and type 'Microsoft.VisualStudio.TestPlatform.CrossPlatEngine.Hosting.DefaultTestHostManager, Microsoft.TestPlatform.TestHostRuntimeProvider, Version=15.0.0.0, Culture=neutral, PublicKeyToken=b03f5f7f11d50a3a' inside file 'C:\Program Files\dotnet\sdk\7.0.101\Extensions\Microsoft.TestPlatform.TestHostRuntimeProvider.dll'
TpTrace Information: 0 : 28952, 1, 2023/07/14, 23:16:21.944, 3638335443224, vstest.console.dll, GetTestExtensionFromType: Register extension with identifier data 'HostProvider://DotnetTestHost' and type 'Microsoft.VisualStudio.TestPlatform.CrossPlatEngine.Hosting.DotnetTestHostManager, Microsoft.TestPlatform.TestHostRuntimeProvider, Version=15.0.0.0, Culture=neutral, PublicKeyToken=b03f5f7f11d50a3a' inside file 'C:\Program Files\dotnet\sdk\7.0.101\Extensions\Microsoft.TestPlatform.TestHostRuntimeProvider.dll'
TpTrace Information: 0 : 28952, 1, 2023/07/14, 23:16:21.944, 3638335444198, vstest.console.dll, AssemblyResolver.OnResolve: Microsoft.VisualStudio.TestPlatform.Extensions.Html.TestLogger: Resolving assembly.
TpTrace Information: 0 : 28952, 1, 2023/07/14, 23:16:21.944, 3638335444550, vstest.console.dll, AssemblyResolver.OnResolve: Microsoft.VisualStudio.TestPlatform.Extensions.Html.TestLogger: Searching in: 'C:\Program Files\dotnet\sdk\7.0.101\Extensions'.
TpTrace Information: 0 : 28952, 1, 2023/07/14, 23:16:21.945, 3638335449636, vstest.console.dll, AssemblyResolver.OnResolve: Microsoft.VisualStudio.TestPlatform.Extensions.Html.TestLogger: Loading assembly 'C:\Program Files\dotnet\sdk\7.0.101\Extensions\Microsoft.VisualStudio.TestPlatform.Extensions.Html.TestLogger.dll'.
TpTrace Information: 0 : 28952, 1, 2023/07/14, 23:16:21.945, 3638335455421, vstest.console.dll, AssemblyResolver.OnResolve: Resolved assembly: Microsoft.VisualStudio.TestPlatform.Extensions.Html.TestLogger, from path: C:\Program Files\dotnet\sdk\7.0.101\Extensions\Microsoft.VisualStudio.TestPlatform.Extensions.Html.TestLogger.dll
TpTrace Verbose: 0 : 28952, 1, 2023/07/14, 23:16:21.946, 3638335456335, vstest.console.dll, MetadataReaderExtensionsHelper: Discovering extensions inside assembly 'Microsoft.VisualStudio.TestPlatform.Extensions.Html.TestLogger, Version=15.0.0.0, Culture=neutral, PublicKeyToken=b03f5f7f11d50a3a' file path 'C:\Program Files\dotnet\sdk\7.0.101\Extensions\Microsoft.VisualStudio.TestPlatform.Extensions.Html.TestLogger.dll'
TpTrace Information: 0 : 28952, 1, 2023/07/14, 23:16:21.946, 3638335464677, vstest.console.dll, AssemblyResolver.OnResolve: Microsoft.VisualStudio.TestPlatform.Extensions.Trx.TestLogger: Resolving assembly.
TpTrace Information: 0 : 28952, 1, 2023/07/14, 23:16:21.946, 3638335465305, vstest.console.dll, AssemblyResolver.OnResolve: Microsoft.VisualStudio.TestPlatform.Extensions.Trx.TestLogger: Searching in: 'C:\Program Files\dotnet\sdk\7.0.101\Extensions'.
TpTrace Information: 0 : 28952, 1, 2023/07/14, 23:16:21.948, 3638335476623, vstest.console.dll, AssemblyResolver.OnResolve: Microsoft.VisualStudio.TestPlatform.Extensions.Trx.TestLogger: Loading assembly 'C:\Program Files\dotnet\sdk\7.0.101\Extensions\Microsoft.VisualStudio.TestPlatform.Extensions.Trx.TestLogger.dll'.
TpTrace Information: 0 : 28952, 1, 2023/07/14, 23:16:21.949, 3638335492734, vstest.console.dll, AssemblyResolver.OnResolve: Resolved assembly: Microsoft.VisualStudio.TestPlatform.Extensions.Trx.TestLogger, from path: C:\Program Files\dotnet\sdk\7.0.101\Extensions\Microsoft.VisualStudio.TestPlatform.Extensions.Trx.TestLogger.dll
TpTrace Verbose: 0 : 28952, 1, 2023/07/14, 23:16:21.949, 3638335493755, vstest.console.dll, MetadataReaderExtensionsHelper: Discovering extensions inside assembly 'Microsoft.VisualStudio.TestPlatform.Extensions.Trx.TestLogger, Version=15.0.0.0, Culture=neutral, PublicKeyToken=b03f5f7f11d50a3a' file path 'C:\Program Files\dotnet\sdk\7.0.101\Extensions\Microsoft.VisualStudio.TestPlatform.Extensions.Trx.TestLogger.dll'
TpTrace Verbose: 0 : 28952, 1, 2023/07/14, 23:16:21.951, 3638335511517, vstest.console.dll, TestPluginCache: Discovered the extensions using extension path ''.
TpTrace Verbose: 0 : 28952, 1, 2023/07/14, 23:16:21.951, 3638335512350, vstest.console.dll, TestPluginCache: Discoverers are ''.
TpTrace Verbose: 0 : 28952, 1, 2023/07/14, 23:16:21.951, 3638335512714, vstest.console.dll, TestPluginCache: Executors are ''.
TpTrace Verbose: 0 : 28952, 1, 2023/07/14, 23:16:21.951, 3638335512927, vstest.console.dll, TestPluginCache: Executors2 are ''.
TpTrace Verbose: 0 : 28952, 1, 2023/07/14, 23:16:21.951, 3638335513197, vstest.console.dll, TestPluginCache: Setting providers are ''.
TpTrace Verbose: 0 : 28952, 1, 2023/07/14, 23:16:21.951, 3638335513432, vstest.console.dll, TestPluginCache: Loggers are ''.
TpTrace Verbose: 0 : 28952, 1, 2023/07/14, 23:16:21.951, 3638335514998, vstest.console.dll, TestPluginCache: TestHosts are 'HostProvider://DefaultTestHost,HostProvider://DotnetTestHost'.
TpTrace Verbose: 0 : 28952, 1, 2023/07/14, 23:16:21.951, 3638335515337, vstest.console.dll, TestPluginCache: DataCollectors are ''.
TpTrace Information: 0 : 28952, 1, 2023/07/14, 23:16:21.981, 3638335815577, vstest.console.dll, RunTestsArgumentProcessor:Execute: Test run is starting.
TpTrace Verbose: 0 : 28952, 1, 2023/07/14, 23:16:21.982, 3638335817411, vstest.console.dll, RunTestsArgumentProcessor:Execute: Queuing Test run.
TpTrace Information: 0 : 28952, 1, 2023/07/14, 23:16:21.982, 3638335822118, vstest.console.dll, TestRequestManager.RunTests: run tests started.
TpTrace Information: 0 : 28952, 1, 2023/07/14, 23:16:21.984, 3638335839269, vstest.console.dll, AssemblyMetadataProvider.GetFrameworkName: Determined framework:'.NETCoreApp,Version=v6.0' for source: 'C:\GitHub\BurgerMasters-Back-end\BurgerMasters\BurgerMasters.UnitTests\bin\Debug\net6.0\fine-code-coverage\build-output\BurgerMasters.UnitTests.dll'
TpTrace Information: 0 : 28952, 1, 2023/07/14, 23:16:21.984, 3638335841548, vstest.console.dll, Determined framework for all sources: .NETCoreApp,Version=v6.0
TpTrace Verbose: 0 : 28952, 1, 2023/07/14, 23:16:21.984, 3638335846040, vstest.console.dll, TestRequestManager.UpdateRunSettingsIfRequired: Default architecture: X64 IsDefaultTargetArchitecture: True, Current process architecture: X64 OperatingSystem: Windows.
TpTrace Information: 0 : 28952, 1, 2023/07/14, 23:16:21.987, 3638335868749, vstest.console.dll, AssemblyMetadataProvider.GetArchitecture: Determined architecture:AnyCPU info for assembly: C:\GitHub\BurgerMasters-Back-end\BurgerMasters\BurgerMasters.UnitTests\bin\Debug\net6.0\fine-code-coverage\build-output\BurgerMasters.UnitTests.dll
TpTrace Information: 0 : 28952, 1, 2023/07/14, 23:16:21.987, 3638335869496, vstest.console.dll, Determined platform for source 'C:\GitHub\BurgerMasters-Back-end\BurgerMasters\BurgerMasters.UnitTests\bin\Debug\net6.0\fine-code-coverage\build-output\BurgerMasters.UnitTests.dll' was AnyCPU and it will use the default plaform X64.
TpTrace Information: 0 : 28952, 1, 2023/07/14, 23:16:21.987, 3638335869777, vstest.console.dll, None of the sources provided any runnable platform, using the default platform: X64
TpTrace Information: 0 : 28952, 1, 2023/07/14, 23:16:21.987, 3638335870713, vstest.console.dll, Platform was updated to 'X64'.
TpTrace Information: 0 : 28952, 1, 2023/07/14, 23:16:22.009, 3638336086392, vstest.console.dll, InferRunSettingsHelper.IsTestSettingsEnabled: Unable to navigate to RunSettings/MSTest. Current node: RunSettings
TpTrace Information: 0 : 28952, 1, 2023/07/14, 23:16:22.009, 3638336094416, vstest.console.dll, AssemblyResolver.OnResolve: Microsoft.VisualStudio.TestPlatform.Fakes: Resolving assembly.
TpTrace Information: 0 : 28952, 1, 2023/07/14, 23:16:22.009, 3638336095150, vstest.console.dll, AssemblyResolver.OnResolve: Microsoft.VisualStudio.TestPlatform.Fakes: Searching in: 'C:\Program Files\dotnet\sdk\7.0.101\Extensions'.
TpTrace Information: 0 : 28952, 1, 2023/07/14, 23:16:22.009, 3638336096052, vstest.console.dll, AssemblyResolver.OnResolve: Microsoft.VisualStudio.TestPlatform.Fakes: Assembly path does not exist: 'C:\Program Files\dotnet\sdk\7.0.101\Extensions\Microsoft.VisualStudio.TestPlatform.Fakes.dll', returning.
TpTrace Information: 0 : 28952, 1, 2023/07/14, 23:16:22.010, 3638336096546, vstest.console.dll, AssemblyResolver.OnResolve: Microsoft.VisualStudio.TestPlatform.Fakes: Assembly path does not exist: 'C:\Program Files\dotnet\sdk\7.0.101\Extensions\Microsoft.VisualStudio.TestPlatform.Fakes.exe', returning.
TpTrace Information: 0 : 28952, 1, 2023/07/14, 23:16:22.010, 3638336096792, vstest.console.dll, AssemblyResolver.OnResolve: Microsoft.VisualStudio.TestPlatform.Fakes: Searching in: 'C:\Program Files\dotnet\sdk\7.0.101'.
TpTrace Information: 0 : 28952, 1, 2023/07/14, 23:16:22.010, 3638336097225, vstest.console.dll, AssemblyResolver.OnResolve: Microsoft.VisualStudio.TestPlatform.Fakes: Assembly path does not exist: 'C:\Program Files\dotnet\sdk\7.0.101\Microsoft.VisualStudio.TestPlatform.Fakes.dll', returning.
TpTrace Information: 0 : 28952, 1, 2023/07/14, 23:16:22.010, 3638336097618, vstest.console.dll, AssemblyResolver.OnResolve: Microsoft.VisualStudio.TestPlatform.Fakes: Assembly path does not exist: 'C:\Program Files\dotnet\sdk\7.0.101\Microsoft.VisualStudio.TestPlatform.Fakes.exe', returning.
TpTrace Information: 0 : 28952, 1, 2023/07/14, 23:16:22.010, 3638336097938, vstest.console.dll, AssemblyResolver.OnResolve: Microsoft.VisualStudio.TestPlatform.Fakes: Failed to load assembly.
TpTrace Information: 0 : 28952, 1, 2023/07/14, 23:16:22.010, 3638336100564, vstest.console.dll, Failed to load assembly Microsoft.VisualStudio.TestPlatform.Fakes, Version=17.0.0.0, Culture=neutral. Reason:System.IO.FileNotFoundException: Could not load file or assembly 'Microsoft.VisualStudio.TestPlatform.Fakes, Version=17.0.0.0, Culture=neutral, PublicKeyToken=null'. The system cannot find the file specified.
File name: 'Microsoft.VisualStudio.TestPlatform.Fakes, Version=17.0.0.0, Culture=neutral, PublicKeyToken=null'
   at System.Reflection.RuntimeAssembly.InternalLoad(AssemblyName assemblyName, StackCrawlMark& stackMark, AssemblyLoadContext assemblyLoadContext, RuntimeAssembly requestingAssembly, Boolean throwOnFileNotFound)
   at System.Reflection.Assembly.Load(AssemblyName assemblyRef)
   at Microsoft.VisualStudio.TestPlatform.Common.Utilities.FakesUtilities.LoadTestPlatformAssembly()
TpTrace Verbose: 0 : 28952, 1, 2023/07/14, 23:16:22.024, 3638336238697, vstest.console.dll, TestPluginCache.DiscoverTestExtensions: finding test extensions in assemblies ends with: TestLogger.dll TPluginInfo: Microsoft.VisualStudio.TestPlatform.Common.ExtensionFramework.Utilities.TestLoggerPluginInformation TExtension: Microsoft.VisualStudio.TestPlatform.ObjectModel.Client.ITestLogger
TpTrace Verbose: 0 : 28952, 1, 2023/07/14, 23:16:22.024, 3638336240154, vstest.console.dll, TestPluginCache.GetExtensionPaths: Filtered extension paths: 
TpTrace Verbose: 0 : 28952, 1, 2023/07/14, 23:16:22.024, 3638336240523, vstest.console.dll, TestPluginCache.GetExtensionPaths: Added default extension paths: C:\Program Files\dotnet\sdk\7.0.101\Extensions\Microsoft.Diagnostics.NETCore.Client.dll
C:\Program Files\dotnet\sdk\7.0.101\Extensions\Microsoft.TestPlatform.Extensions.BlameDataCollector.dll
C:\Program Files\dotnet\sdk\7.0.101\Extensions\Microsoft.TestPlatform.Extensions.EventLogCollector.dll
C:\Program Files\dotnet\sdk\7.0.101\Extensions\Microsoft.TestPlatform.TestHostRuntimeProvider.dll
C:\Program Files\dotnet\sdk\7.0.101\Extensions\Microsoft.VisualStudio.TestPlatform.Extensions.Html.TestLogger.dll
C:\Program Files\dotnet\sdk\7.0.101\Extensions\Microsoft.VisualStudio.TestPlatform.Extensions.Trx.TestLogger.dll
TpTrace Verbose: 0 : 28952, 1, 2023/07/14, 23:16:22.024, 3638336240857, vstest.console.dll, TestPluginCache.GetExtensionPaths: Added unfilterableExtensionPaths: 
TpTrace Information: 0 : 28952, 1, 2023/07/14, 23:16:22.024, 3638336242224, vstest.console.dll, AssemblyResolver.AddSearchDirectories: Adding more searchDirectories C:\Program Files\dotnet\sdk\7.0.101\Extensions,C:\Program Files\dotnet\sdk\7.0.101
TpTrace Verbose: 0 : 28952, 1, 2023/07/14, 23:16:22.024, 3638336242639, vstest.console.dll, TestPluginCache.DiscoverTestExtensions: Discovering the extensions using extension path.
TpTrace Verbose: 0 : 28952, 1, 2023/07/14, 23:16:22.024, 3638336242938, vstest.console.dll, TestPluginCache.GetExtensionPaths: Filtered extension paths: 
TpTrace Verbose: 0 : 28952, 1, 2023/07/14, 23:16:22.024, 3638336243218, vstest.console.dll, TestPluginCache.GetExtensionPaths: Added default extension paths: C:\Program Files\dotnet\sdk\7.0.101\Extensions\Microsoft.Diagnostics.NETCore.Client.dll
C:\Program Files\dotnet\sdk\7.0.101\Extensions\Microsoft.TestPlatform.Extensions.BlameDataCollector.dll
C:\Program Files\dotnet\sdk\7.0.101\Extensions\Microsoft.TestPlatform.Extensions.EventLogCollector.dll
C:\Program Files\dotnet\sdk\7.0.101\Extensions\Microsoft.TestPlatform.TestHostRuntimeProvider.dll
C:\Program Files\dotnet\sdk\7.0.101\Extensions\Microsoft.VisualStudio.TestPlatform.Extensions.Html.TestLogger.dll
C:\Program Files\dotnet\sdk\7.0.101\Extensions\Microsoft.VisualStudio.TestPlatform.Extensions.Trx.TestLogger.dll
TpTrace Verbose: 0 : 28952, 1, 2023/07/14, 23:16:22.024, 3638336243463, vstest.console.dll, TestPluginCache.GetExtensionPaths: Added unfilterableExtensionPaths: 
TpTrace Verbose: 0 : 28952, 1, 2023/07/14, 23:16:22.024, 3638336243745, vstest.console.dll, TestPluginCache.DiscoverTestExtensions: Discovering the extensions using allExtensionPaths: C:\Program Files\dotnet\sdk\7.0.101\Extensions\Microsoft.Diagnostics.NETCore.Client.dll
C:\Program Files\dotnet\sdk\7.0.101\Extensions\Microsoft.TestPlatform.Extensions.BlameDataCollector.dll
C:\Program Files\dotnet\sdk\7.0.101\Extensions\Microsoft.TestPlatform.Extensions.EventLogCollector.dll
C:\Program Files\dotnet\sdk\7.0.101\Extensions\Microsoft.TestPlatform.TestHostRuntimeProvider.dll
C:\Program Files\dotnet\sdk\7.0.101\Extensions\Microsoft.VisualStudio.TestPlatform.Extensions.Html.TestLogger.dll
C:\Program Files\dotnet\sdk\7.0.101\Extensions\Microsoft.VisualStudio.TestPlatform.Extensions.Trx.TestLogger.dll
TpTrace Information: 0 : 28952, 1, 2023/07/14, 23:16:22.024, 3638336244706, vstest.console.dll, AssemblyResolver.AddSearchDirectories: Adding more searchDirectories C:\Program Files\dotnet\sdk\7.0.101\Extensions,C:\Program Files\dotnet\sdk\7.0.101
TpTrace Information: 0 : 28952, 1, 2023/07/14, 23:16:22.024, 3638336245083, vstest.console.dll, AssemblyResolver.AddSearchDirectories: Adding more searchDirectories C:\Program Files\dotnet\sdk\7.0.101\Extensions,C:\Program Files\dotnet\sdk\7.0.101
TpTrace Information: 0 : 28952, 1, 2023/07/14, 23:16:22.024, 3638336245327, vstest.console.dll, AssemblyResolver.AddSearchDirectories: Adding more searchDirectories C:\Program Files\dotnet\sdk\7.0.101\Extensions,C:\Program Files\dotnet\sdk\7.0.101
TpTrace Information: 0 : 28952, 1, 2023/07/14, 23:16:22.024, 3638336245561, vstest.console.dll, AssemblyResolver.AddSearchDirectories: Adding more searchDirectories C:\Program Files\dotnet\sdk\7.0.101\Extensions,C:\Program Files\dotnet\sdk\7.0.101
TpTrace Information: 0 : 28952, 1, 2023/07/14, 23:16:22.024, 3638336245816, vstest.console.dll, AssemblyResolver.AddSearchDirectories: Adding more searchDirectories C:\Program Files\dotnet\sdk\7.0.101\Extensions,C:\Program Files\dotnet\sdk\7.0.101
TpTrace Information: 0 : 28952, 1, 2023/07/14, 23:16:22.024, 3638336246051, vstest.console.dll, AssemblyResolver.AddSearchDirectories: Adding more searchDirectories C:\Program Files\dotnet\sdk\7.0.101\Extensions,C:\Program Files\dotnet\sdk\7.0.101
TpTrace Verbose: 0 : 28952, 1, 2023/07/14, 23:16:22.025, 3638336247214, vstest.console.dll, MetadataReaderExtensionsHelper: Discovering extensions inside assembly 'Microsoft.Diagnostics.NETCore.Client, Version=0.2.6.42401, Culture=neutral, PublicKeyToken=31bf3856ad364e35' file path 'C:\Program Files\dotnet\sdk\7.0.101\Extensions\Microsoft.Diagnostics.NETCore.Client.dll'
TpTrace Information: 0 : 28952, 1, 2023/07/14, 23:16:22.025, 3638336254436, vstest.console.dll, AssemblyResolver.OnResolve: Microsoft.Bcl.AsyncInterfaces: Resolving assembly.
TpTrace Information: 0 : 28952, 1, 2023/07/14, 23:16:22.025, 3638336254975, vstest.console.dll, AssemblyResolver.OnResolve: Microsoft.Bcl.AsyncInterfaces: Resolved from cache.
TpTrace Verbose: 0 : 28952, 1, 2023/07/14, 23:16:22.025, 3638336255222, vstest.console.dll, CurrentDomainAssemblyResolve: Resolving assembly 'Microsoft.Bcl.AsyncInterfaces'.
TpTrace Information: 0 : 28952, 1, 2023/07/14, 23:16:22.025, 3638336255600, vstest.console.dll, AssemblyResolver.OnResolve: Microsoft.Bcl.AsyncInterfaces: Resolving assembly.
TpTrace Information: 0 : 28952, 1, 2023/07/14, 23:16:22.025, 3638336255828, vstest.console.dll, AssemblyResolver.OnResolve: Microsoft.Bcl.AsyncInterfaces: Resolved from cache.
TpTrace Verbose: 0 : 28952, 1, 2023/07/14, 23:16:22.025, 3638336256076, vstest.console.dll, CurrentDomainAssemblyResolve: Resolving assembly 'Microsoft.Bcl.AsyncInterfaces'.
TpTrace Verbose: 0 : 28952, 1, 2023/07/14, 23:16:22.026, 3638336256286, vstest.console.dll, CurrentDomainAssemblyResolve: Failed to resolve assembly 'Microsoft.Bcl.AsyncInterfaces'.
TpTrace Verbose: 0 : 28952, 1, 2023/07/14, 23:16:22.026, 3638336257790, vstest.console.dll, CurrentDomainAssemblyResolve: Failed to resolve assembly 'Microsoft.Bcl.AsyncInterfaces'.
TpTrace Warning: 0 : 28952, 1, 2023/07/14, 23:16:22.026, 3638336261126, vstest.console.dll, TestPluginDiscoverer: Failed to get types from assembly 'Microsoft.Diagnostics.NETCore.Client, Version=0.2.6.42401, Culture=neutral, PublicKeyToken=31bf3856ad364e35'. Error: System.Reflection.ReflectionTypeLoadException: Unable to load one or more of the requested types.
Could not load file or assembly 'Microsoft.Bcl.AsyncInterfaces, Version=1.0.0.0, Culture=neutral, PublicKeyToken=cc7b13ffcd2ddd51'. The system cannot find the file specified.
   at System.Reflection.RuntimeModule.GetTypes(RuntimeModule module)
   at System.Reflection.Assembly.GetTypes()
   at Microsoft.VisualStudio.TestPlatform.Common.ExtensionFramework.TestPluginDiscoverer.GetTestExtensionsFromAssembly[TPluginInfo,TExtension](Assembly assembly, Dictionary`2 pluginInfos, String filePath)
System.IO.FileNotFoundException: Could not load file or assembly 'Microsoft.Bcl.AsyncInterfaces, Version=1.0.0.0, Culture=neutral, PublicKeyToken=cc7b13ffcd2ddd51'. The system cannot find the file specified.
File name: 'Microsoft.Bcl.AsyncInterfaces, Version=1.0.0.0, Culture=neutral, PublicKeyToken=cc7b13ffcd2ddd51'
 ---> System.IO.FileNotFoundException: Could not load file or assembly 'Microsoft.Bcl.AsyncInterfaces, Culture=neutral, PublicKeyToken=null'. The system cannot find the file specified.
File name: 'Microsoft.Bcl.AsyncInterfaces, Culture=neutral, PublicKeyToken=null'
   at System.Reflection.RuntimeAssembly.InternalLoad(AssemblyName assemblyName, StackCrawlMark& stackMark, AssemblyLoadContext assemblyLoadContext, RuntimeAssembly requestingAssembly, Boolean throwOnFileNotFound)
   at System.Reflection.Assembly.Load(AssemblyName assemblyRef)
   at Microsoft.VisualStudio.TestPlatform.Common.ExtensionFramework.TestPluginCache.CurrentDomainAssemblyResolve(Object sender, AssemblyResolveEventArgs args)
   at System.Runtime.Loader.AssemblyLoadContext.GetFirstResolvedAssemblyFromResolvingEvent(AssemblyName assemblyName)
   at System.Runtime.Loader.AssemblyLoadContext.ResolveUsingEvent(AssemblyName assemblyName)
   at System.Runtime.Loader.AssemblyLoadContext.ResolveUsingResolvingEvent(IntPtr gchManagedAssemblyLoadContext, AssemblyName assemblyName)
TpTrace Warning: 0 : 28952, 1, 2023/07/14, 23:16:22.026, 3638336262530, vstest.console.dll, LoaderExceptions: System.IO.FileNotFoundException: Could not load file or assembly 'Microsoft.Bcl.AsyncInterfaces, Version=1.0.0.0, Culture=neutral, PublicKeyToken=cc7b13ffcd2ddd51'. The system cannot find the file specified.
File name: 'Microsoft.Bcl.AsyncInterfaces, Version=1.0.0.0, Culture=neutral, PublicKeyToken=cc7b13ffcd2ddd51'
 ---> System.IO.FileNotFoundException: Could not load file or assembly 'Microsoft.Bcl.AsyncInterfaces, Culture=neutral, PublicKeyToken=null'. The system cannot find the file specified.
File name: 'Microsoft.Bcl.AsyncInterfaces, Culture=neutral, PublicKeyToken=null'
   at System.Reflection.RuntimeAssembly.InternalLoad(AssemblyName assemblyName, StackCrawlMark& stackMark, AssemblyLoadContext assemblyLoadContext, RuntimeAssembly requestingAssembly, Boolean throwOnFileNotFound)
   at System.Reflection.Assembly.Load(AssemblyName assemblyRef)
   at Microsoft.VisualStudio.TestPlatform.Common.ExtensionFramework.TestPluginCache.CurrentDomainAssemblyResolve(Object sender, AssemblyResolveEventArgs args)
   at System.Runtime.Loader.AssemblyLoadContext.GetFirstResolvedAssemblyFromResolvingEvent(AssemblyName assemblyName)
   at System.Runtime.Loader.AssemblyLoadContext.ResolveUsingEvent(AssemblyName assemblyName)
   at System.Runtime.Loader.AssemblyLoadContext.ResolveUsingResolvingEvent(IntPtr gchManagedAssemblyLoadContext, AssemblyName assemblyName)
TpTrace Verbose: 0 : 28952, 1, 2023/07/14, 23:16:22.026, 3638336263317, vstest.console.dll, MetadataReaderExtensionsHelper: Discovering extensions inside assembly 'Microsoft.TestPlatform.Extensions.BlameDataCollector, Version=15.0.0.0, Culture=neutral, PublicKeyToken=b03f5f7f11d50a3a' file path 'C:\Program Files\dotnet\sdk\7.0.101\Extensions\Microsoft.TestPlatform.Extensions.BlameDataCollector.dll'
TpTrace Information: 0 : 28952, 1, 2023/07/14, 23:16:22.027, 3638336267464, vstest.console.dll, GetTestExtensionFromType: Register extension with identifier data 'logger://Microsoft/TestPlatform/Extensions/Blame/v1' and type 'Microsoft.TestPlatform.Extensions.BlameDataCollector.BlameLogger, Microsoft.TestPlatform.Extensions.BlameDataCollector, Version=15.0.0.0, Culture=neutral, PublicKeyToken=b03f5f7f11d50a3a' inside file 'C:\Program Files\dotnet\sdk\7.0.101\Extensions\Microsoft.TestPlatform.Extensions.BlameDataCollector.dll'
TpTrace Verbose: 0 : 28952, 1, 2023/07/14, 23:16:22.027, 3638336268170, vstest.console.dll, MetadataReaderExtensionsHelper: Discovering extensions inside assembly 'Microsoft.TestPlatform.Extensions.EventLogCollector, Version=15.0.0.0, Culture=neutral, PublicKeyToken=b03f5f7f11d50a3a' file path 'C:\Program Files\dotnet\sdk\7.0.101\Extensions\Microsoft.TestPlatform.Extensions.EventLogCollector.dll'
TpTrace Verbose: 0 : 28952, 1, 2023/07/14, 23:16:22.027, 3638336270463, vstest.console.dll, MetadataReaderExtensionsHelper: Discovering extensions inside assembly 'Microsoft.TestPlatform.TestHostRuntimeProvider, Version=15.0.0.0, Culture=neutral, PublicKeyToken=b03f5f7f11d50a3a' file path 'C:\Program Files\dotnet\sdk\7.0.101\Extensions\Microsoft.TestPlatform.TestHostRuntimeProvider.dll'
TpTrace Verbose: 0 : 28952, 1, 2023/07/14, 23:16:22.027, 3638336272781, vstest.console.dll, MetadataReaderExtensionsHelper: Discovering extensions inside assembly 'Microsoft.VisualStudio.TestPlatform.Extensions.Html.TestLogger, Version=15.0.0.0, Culture=neutral, PublicKeyToken=b03f5f7f11d50a3a' file path 'C:\Program Files\dotnet\sdk\7.0.101\Extensions\Microsoft.VisualStudio.TestPlatform.Extensions.Html.TestLogger.dll'
TpTrace Information: 0 : 28952, 1, 2023/07/14, 23:16:22.028, 3638336276968, vstest.console.dll, GetTestExtensionFromType: Register extension with identifier data 'logger://Microsoft/TestPlatform/HtmlLogger/v1' and type 'Microsoft.VisualStudio.TestPlatform.Extensions.HtmlLogger.HtmlLogger, Microsoft.VisualStudio.TestPlatform.Extensions.Html.TestLogger, Version=15.0.0.0, Culture=neutral, PublicKeyToken=b03f5f7f11d50a3a' inside file 'C:\Program Files\dotnet\sdk\7.0.101\Extensions\Microsoft.VisualStudio.TestPlatform.Extensions.Html.TestLogger.dll'
TpTrace Verbose: 0 : 28952, 1, 2023/07/14, 23:16:22.028, 3638336277625, vstest.console.dll, MetadataReaderExtensionsHelper: Discovering extensions inside assembly 'Microsoft.VisualStudio.TestPlatform.Extensions.Trx.TestLogger, Version=15.0.0.0, Culture=neutral, PublicKeyToken=b03f5f7f11d50a3a' file path 'C:\Program Files\dotnet\sdk\7.0.101\Extensions\Microsoft.VisualStudio.TestPlatform.Extensions.Trx.TestLogger.dll'
TpTrace Information: 0 : 28952, 1, 2023/07/14, 23:16:22.028, 3638336280587, vstest.console.dll, GetTestExtensionFromType: Register extension with identifier data 'logger://Microsoft/TestPlatform/TrxLogger/v1' and type 'Microsoft.VisualStudio.TestPlatform.Extensions.TrxLogger.TrxLogger, Microsoft.VisualStudio.TestPlatform.Extensions.Trx.TestLogger, Version=15.0.0.0, Culture=neutral, PublicKeyToken=b03f5f7f11d50a3a' inside file 'C:\Program Files\dotnet\sdk\7.0.101\Extensions\Microsoft.VisualStudio.TestPlatform.Extensions.Trx.TestLogger.dll'
TpTrace Verbose: 0 : 28952, 1, 2023/07/14, 23:16:22.028, 3638336281440, vstest.console.dll, TestPluginCache: Discovered the extensions using extension path ''.
TpTrace Verbose: 0 : 28952, 1, 2023/07/14, 23:16:22.028, 3638336281729, vstest.console.dll, TestPluginCache: Discoverers are ''.
TpTrace Verbose: 0 : 28952, 1, 2023/07/14, 23:16:22.028, 3638336281937, vstest.console.dll, TestPluginCache: Executors are ''.
TpTrace Verbose: 0 : 28952, 1, 2023/07/14, 23:16:22.028, 3638336282137, vstest.console.dll, TestPluginCache: Executors2 are ''.
TpTrace Verbose: 0 : 28952, 1, 2023/07/14, 23:16:22.028, 3638336282335, vstest.console.dll, TestPluginCache: Setting providers are ''.
TpTrace Verbose: 0 : 28952, 1, 2023/07/14, 23:16:22.028, 3638336282974, vstest.console.dll, TestPluginCache: Loggers are 'logger://Microsoft/TestPlatform/Extensions/Blame/v1,logger://Microsoft/TestPlatform/HtmlLogger/v1,logger://Microsoft/TestPlatform/TrxLogger/v1'.
TpTrace Verbose: 0 : 28952, 1, 2023/07/14, 23:16:22.028, 3638336283347, vstest.console.dll, TestPluginCache: TestHosts are 'HostProvider://DefaultTestHost,HostProvider://DotnetTestHost'.
TpTrace Verbose: 0 : 28952, 1, 2023/07/14, 23:16:22.028, 3638336283571, vstest.console.dll, TestPluginCache: DataCollectors are ''.
TpTrace Information: 0 : 28952, 1, 2023/07/14, 23:16:22.029, 3638336292243, vstest.console.dll, TestPluginManager.CreateTestExtension: Attempting to load test extension: Microsoft.TestPlatform.Extensions.BlameDataCollector.BlameLogger
TpTrace Verbose: 0 : 28952, 1, 2023/07/14, 23:16:22.039, 3638336387331, vstest.console.dll, TestEngine: Initializing Parallel Execution as MaxCpuCount is set to: 1
TpTrace Information: 0 : 28952, 1, 2023/07/14, 23:16:22.041, 3638336409242, vstest.console.dll, TestPluginManager.CreateTestExtension: Attempting to load test extension: Microsoft.VisualStudio.TestPlatform.CrossPlatEngine.Hosting.DefaultTestHostManager
TpTrace Information: 0 : 28952, 1, 2023/07/14, 23:16:22.042, 3638336416358, vstest.console.dll, TestPluginManager.CreateTestExtension: Attempting to load test extension: Microsoft.VisualStudio.TestPlatform.CrossPlatEngine.Hosting.DotnetTestHostManager
TpTrace Information: 0 : 28952, 1, 2023/07/14, 23:16:22.042, 3638336423286, vstest.console.dll, InferRunSettingsHelper.IsTestSettingsEnabled: Unable to navigate to RunSettings/MSTest. Current node: RunSettings
TpTrace Verbose: 0 : 28952, 1, 2023/07/14, 23:16:22.047, 3638336473121, vstest.console.dll, TestEngine.GetExecutionManager: Chosen execution manager 'Microsoft.VisualStudio.TestPlatform.CrossPlatEngine.Client.Parallel.ParallelProxyExecutionManager, Microsoft.TestPlatform.CrossPlatEngine, Version=15.0.0.0, Culture=neutral, PublicKeyToken=b03f5f7f11d50a3a' ParallelLevel '1'.
TpTrace Verbose: 0 : 28952, 1, 2023/07/14, 23:16:22.047, 3638336475406, vstest.console.dll, TestRunRequest.ExecuteAsync: Creating test run request.
TpTrace Verbose: 0 : 28952, 1, 2023/07/14, 23:16:22.048, 3638336477987, vstest.console.dll, TestRunRequest.ExecuteAsync: Starting.
TpTrace Information: 0 : 28952, 1, 2023/07/14, 23:16:22.048, 3638336481030, vstest.console.dll, TestRunRequest.ExecuteAsync: Starting run with settings:TestRunCriteria:
   KeepAlive=False,FrequencyOfRunStatsChangeEvent=10,RunStatsChangeEventTimeout=00:00:01.5000000,TestCaseFilter=,TestExecutorLauncher=
   Settingsxml=<RunSettings>
  <RunConfiguration>
    <ResultsDirectory>C:\GitHub\BurgerMasters-Back-end\BurgerMasters\BurgerMasters.UnitTests\bin\Debug\net6.0\fine-code-coverage\coverage-tool-output</ResultsDirectory>
    <TargetPlatform>X64</TargetPlatform>
    <TargetFrameworkVersion>.NETCoreApp,Version=v6.0</TargetFrameworkVersion>
    <DesignMode>False</DesignMode>
    <CollectSourceInformation>False</CollectSourceInformation>
  </RunConfiguration>
  <LoggerRunSettings>
    <Loggers>
      <Logger friendlyName="blame" enabled="True" />
      <Logger friendlyName="Console" uri="logger://microsoft/TestPlatform/ConsoleLogger/v1" assemblyQualifiedName="Microsoft.VisualStudio.TestPlatform.CommandLine.Internal.ConsoleLogger, vstest.console, Version=15.0.0.0, Culture=neutral, PublicKeyToken=b03f5f7f11d50a3a" codeBase="C:\Program Files\dotnet\sdk\7.0.101\vstest.console.dll" enabled="True" />
    </Loggers>
  </LoggerRunSettings>
  <DataCollectionRunSettings>
    <DataCollectors>
      <DataCollector friendlyName="blame" enabled="True">
        <Configuration>
          <ResultsDirectory>C:\GitHub\BurgerMasters-Back-end\BurgerMasters\BurgerMasters.UnitTests\bin\Debug\net6.0\fine-code-coverage\coverage-tool-output</ResultsDirectory>
        </Configuration>
      </DataCollector>
    </DataCollectors>
  </DataCollectionRunSettings>
</RunSettings>

TpTrace Verbose: 0 : 28952, 1, 2023/07/14, 23:16:22.048, 3638336481661, vstest.console.dll, TestRunRequest.ExecuteAsync: Wait for the first run request is over.
TpTrace Verbose: 0 : 28952, 1, 2023/07/14, 23:16:22.048, 3638336485257, vstest.console.dll, MulticastDelegateUtilities.SafeInvoke: TestRun.TestRunStart: Invoking callbacks was skipped because there are no subscribers.
TpTrace Verbose: 0 : 28952, 4, 2023/07/14, 23:16:22.049, 3638336489041, vstest.console.dll, MulticastDelegateUtilities.SafeInvoke: InternalTestLoggerEvents.SendTestRunStart: Invoking callback 1/1 for Microsoft.VisualStudio.TestPlatform.CommandLine.Internal.ConsoleLogger., took 0 ms.
TpTrace Verbose: 0 : 28952, 1, 2023/07/14, 23:16:22.050, 3638336500711, vstest.console.dll, ParallelProxyExecutionManager: Start execution. Total sources: 1
TpTrace Verbose: 0 : 28952, 1, 2023/07/14, 23:16:22.052, 3638336519835, vstest.console.dll, TestRequestSender is acting as server.
TpTrace Verbose: 0 : 28952, 1, 2023/07/14, 23:16:22.053, 3638336534510, vstest.console.dll, DataCollectionRequestSender.InitializeCommunication : Initialize communication. 
TpTrace Information: 0 : 28952, 1, 2023/07/14, 23:16:22.058, 3638336577102, vstest.console.dll, Listening on Endpoint : 127.0.0.1:56161
TpTrace Verbose: 0 : 28952, 1, 2023/07/14, 23:16:22.067, 3638336667544, vstest.console.dll, DotnetDataCollectionLauncher: Adding  --runtimeconfig "C:\Program Files\dotnet\sdk\7.0.101\datacollector.runtimeconfig.json" in args
TpTrace Verbose: 0 : 28952, 1, 2023/07/14, 23:16:22.067, 3638336671050, vstest.console.dll, DotnetDataCollectionLauncher: Adding  --depsfile "C:\Program Files\dotnet\sdk\7.0.101\datacollector.deps.json" in args
TpTrace Verbose: 0 : 28952, 1, 2023/07/14, 23:16:22.067, 3638336672877, vstest.console.dll, DotnetDataCollectionLauncher: Full path of dotnet.exe is C:\Program Files\dotnet\dotnet.exe
TpTrace Information: 0 : 28952, 1, 2023/07/14, 23:16:22.072, 3638336724704, vstest.console.dll, ProxyDataCollectionManager.Initialize: Launched datacollector processId: 22412 port: 56161
TpTrace Information: 0 : 28952, 1, 2023/07/14, 23:16:22.073, 3638336727091, vstest.console.dll, ProxyDataCollectionManager.Initialize: waiting for connection with timeout: 90 seconds
TpTrace Verbose: 0 : 28952, 1, 2023/07/14, 23:16:22.073, 3638336728243, vstest.console.dll, DataCollectionRequestSender.WaitForRequestHandlerConnection : Waiting for connection with timeout: 90000
TpTrace Information: 0 : 28952, 7, 2023/07/14, 23:16:22.210, 3638338101320, vstest.console.dll, Using the buffer size of 16384 bytes
TpTrace Information: 0 : 28952, 7, 2023/07/14, 23:16:22.210, 3638338102532, vstest.console.dll, Accepted Client request and set the flag
TpTrace Verbose: 0 : 28952, 1, 2023/07/14, 23:16:22.210, 3638338102049, vstest.console.dll, SocketCommunicationManager.WaitForClientConnection took: 137 ms, with 90000 ms timeout, and finished with True.
TpTrace Verbose: 0 : 28952, 1, 2023/07/14, 23:16:22.210, 3638338104466, vstest.console.dll, ProxyDataCollectionManager.InvokeDataCollectionServiceAction: Starting.
TpTrace Information: 0 : 28952, 1, 2023/07/14, 23:16:22.210, 3638338105171, vstest.console.dll, ProxyDataCollectionManager.BeforeTestRunStart: Get environment variable and port for datacollector processId: 22412 port: 56161
TpTrace Verbose: 0 : 28952, 1, 2023/07/14, 23:16:22.210, 3638338106035, vstest.console.dll, DataCollectionRequestSender.SendBeforeTestRunStartAndGetResult: Send BeforeTestRunStart message with settingsXml <RunSettings><RunConfiguration><ResultsDirectory>C:\GitHub\BurgerMasters-Back-end\BurgerMasters\BurgerMasters.UnitTests\bin\Debug\net6.0\fine-code-coverage\coverage-tool-output</ResultsDirectory><TargetPlatform>X64</TargetPlatform><TargetFrameworkVersion>.NETCoreApp,Version=v6.0</TargetFrameworkVersion><DesignMode>False</DesignMode><CollectSourceInformation>False</CollectSourceInformation><TestAdaptersPaths>C:\Program Files\dotnet\sdk\7.0.101\Extensions</TestAdaptersPaths></RunConfiguration><LoggerRunSettings><Loggers><Logger friendlyName="blame" enabled="True" /><Logger friendlyName="Console" uri="logger://microsoft/TestPlatform/ConsoleLogger/v1" assemblyQualifiedName="Microsoft.VisualStudio.TestPlatform.CommandLine.Internal.ConsoleLogger, vstest.console, Version=15.0.0.0, Culture=neutral, PublicKeyToken=b03f5f7f11d50a3a" codeBase="C:\Program Files\dotnet\sdk\7.0.101\vstest.console.dll" enabled="True" /></Loggers></LoggerRunSettings><DataCollectionRunSettings><DataCollectors><DataCollector friendlyName="blame" enabled="True"><Configuration><ResultsDirectory>C:\GitHub\BurgerMasters-Back-end\BurgerMasters\BurgerMasters.UnitTests\bin\Debug\net6.0\fine-code-coverage\coverage-tool-output</ResultsDirectory></Configuration></DataCollector></DataCollectors></DataCollectionRunSettings></RunSettings> and sources System.Collections.Generic.List`1[System.String]: 
TpTrace Verbose: 0 : 28952, 1, 2023/07/14, 23:16:22.526, 3638341258363, vstest.console.dll, DataCollectionRequestSender.SendBeforeTestRunStartAndGetResult: Received message: (DataCollection.SendMessage) -> {"MessageType":"DataCollection.SendMessage","Payload":{"FriendlyName":null,"Uri":null,"TestCaseId":"00000000-0000-0000-0000-000000000000","Message":"Logging DataCollector Diagnostics in file: C:\\GitHub\\BurgerMasters-Back-end\\BurgerMasters\\BurgerMasters.UnitTests\\bin\\Debug\\net6.0\\fine-code-coverage\\coverage-tool-output\\diagnostics.datacollector.23-07-14_23-16-22_06635_1.log","Level":0}}
TpTrace Verbose: 0 : 28952, 1, 2023/07/14, 23:16:22.609, 3638342088750, vstest.console.dll, DataCollectionRequestSender.SendBeforeTestRunStartAndGetResult: Received message: (DataCollection.BeforeTestRunStartResult) -> {"MessageType":"DataCollection.BeforeTestRunStartResult","Payload":{"EnvironmentVariables":{},"DataCollectionEventsPort":56163}}
TpTrace Information: 0 : 28952, 1, 2023/07/14, 23:16:22.616, 3638342159449, vstest.console.dll, ProxyDataCollectionManager.BeforeTestRunStart: SendBeforeTestRunStartAndGetResult successful, env variable from datacollector:   and testhost port: 56163
TpTrace Information: 0 : 28952, 1, 2023/07/14, 23:16:22.616, 3638342160545, vstest.console.dll, ProxyDataCollectionManager.InvokeDataCollectionServiceAction: Completed.
TpTrace Verbose: 0 : 28952, 1, 2023/07/14, 23:16:22.616, 3638342161893, vstest.console.dll, ProxyParallelExecutionManager: No sources available for execution.
TpTrace Verbose: 0 : 28952, 7, 2023/07/14, 23:16:22.616, 3638342161959, vstest.console.dll, ParallelProxyExecutionManager: Execution started. Started clients: 1
TpTrace Information: 0 : 28952, 1, 2023/07/14, 23:16:22.616, 3638342163481, vstest.console.dll, TestRunRequest.ExecuteAsync: Started.
TpTrace Verbose: 0 : 28952, 1, 2023/07/14, 23:16:22.616, 3638342164581, vstest.console.dll, TestRunRequest.WaitForCompletion: Waiting with timeout -1.
TpTrace Verbose: 0 : 28952, 7, 2023/07/14, 23:16:22.616, 3638342164671, vstest.console.dll, TestRunRequest:SendTestRunMessage: Starting.
TpTrace Verbose: 0 : 28952, 7, 2023/07/14, 23:16:22.617, 3638342166249, vstest.console.dll, MulticastDelegateUtilities.SafeInvoke: TestRun.LogMessages: Invoking callback 1/1 for Microsoft.VisualStudio.TestPlatform.CommandLine.TestRunResultAggregator., took 0 ms.
TpTrace Information: 0 : 28952, 7, 2023/07/14, 23:16:22.617, 3638342166508, vstest.console.dll, TestRunRequest:SendTestRunMessage: Completed.
TpTrace Verbose: 0 : 28952, 7, 2023/07/14, 23:16:22.617, 3638342168000, vstest.console.dll, ProxyExecutionManager: Test host is always Lazy initialize.
TpTrace Verbose: 0 : 28952, 4, 2023/07/14, 23:16:22.617, 3638342168388, vstest.console.dll, MulticastDelegateUtilities.SafeInvoke: InternalTestLoggerEvents.SendTestRunMessage: Invoking callback 1/1 for Microsoft.VisualStudio.TestPlatform.CommandLine.Internal.ConsoleLogger., took 0 ms.
TpTrace Verbose: 0 : 28952, 7, 2023/07/14, 23:16:22.617, 3638342170267, vstest.console.dll, TestRequestSender.InitializeCommunication: initialize communication. 
TpTrace Information: 0 : 28952, 7, 2023/07/14, 23:16:22.617, 3638342174509, vstest.console.dll, SocketServer.Start: Listening on endpoint : 127.0.0.1:56164
TpTrace Verbose: 0 : 28952, 7, 2023/07/14, 23:16:22.618, 3638342181359, vstest.console.dll, DotnetTestHostmanager.GetTestHostProcessStartInfo: Platform environment 'X64' target architecture 'X64' framework '.NETCoreApp,Version=v6.0' OS 'Windows'
TpTrace Verbose: 0 : 28952, 7, 2023/07/14, 23:16:22.618, 3638342182952, vstest.console.dll, DotnetTestHostmanager: Adding  --runtimeconfig "C:\GitHub\BurgerMasters-Back-end\BurgerMasters\BurgerMasters.UnitTests\bin\Debug\net6.0\fine-code-coverage\build-output\BurgerMasters.UnitTests.runtimeconfig.json" in args
TpTrace Verbose: 0 : 28952, 7, 2023/07/14, 23:16:22.618, 3638342183616, vstest.console.dll, DotnetTestHostmanager: Adding  --depsfile "C:\GitHub\BurgerMasters-Back-end\BurgerMasters\BurgerMasters.UnitTests\bin\Debug\net6.0\fine-code-coverage\build-output\BurgerMasters.UnitTests.deps.json" in args
TpTrace Verbose: 0 : 28952, 7, 2023/07/14, 23:16:22.618, 3638342184918, vstest.console.dll, DotnetTestHostmanager.IsWinOnArm: Current PROCESSOR_ARCHITECTURE from environment variable 'AMD64'
TpTrace Verbose: 0 : 28952, 7, 2023/07/14, 23:16:22.618, 3638342185320, vstest.console.dll, DotnetTestHostmanager.IsWinOnArm: Is Windows on ARM 'False'
TpTrace Verbose: 0 : 28952, 7, 2023/07/14, 23:16:22.618, 3638342185828, vstest.console.dll, DotnetTestHostManager: testhost.exe found at path: C:\GitHub\BurgerMasters-Back-end\BurgerMasters\BurgerMasters.UnitTests\bin\Debug\net6.0\fine-code-coverage\build-output\testhost.exe
TpTrace Verbose: 0 : 28952, 7, 2023/07/14, 23:16:22.618, 3638342186096, vstest.console.dll, DotnetTestHostmanager: Full path of host exe is C:\GitHub\BurgerMasters-Back-end\BurgerMasters\BurgerMasters.UnitTests\bin\Debug\net6.0\fine-code-coverage\build-output\testhost.exe
TpTrace Verbose: 0 : 28952, 7, 2023/07/14, 23:16:22.619, 3638342187036, vstest.console.dll, DotnetTestHostmanager.LaunchTestHostAsync: Found 'VSTEST_WINAPPHOST_DOTNET_ROOT' in env variables, value 'C:\Program Files\dotnet', forwarding to 'DOTNET_ROOT'
TpTrace Verbose: 0 : 28952, 7, 2023/07/14, 23:16:22.619, 3638342188345, vstest.console.dll, DotnetTestHostManager: Starting process 'C:\GitHub\BurgerMasters-Back-end\BurgerMasters\BurgerMasters.UnitTests\bin\Debug\net6.0\fine-code-coverage\build-output\testhost.exe' with command line ' --runtimeconfig "C:\GitHub\BurgerMasters-Back-end\BurgerMasters\BurgerMasters.UnitTests\bin\Debug\net6.0\fine-code-coverage\build-output\BurgerMasters.UnitTests.runtimeconfig.json" --depsfile "C:\GitHub\BurgerMasters-Back-end\BurgerMasters\BurgerMasters.UnitTests\bin\Debug\net6.0\fine-code-coverage\build-output\BurgerMasters.UnitTests.deps.json" --port 56164 --endpoint 127.0.0.1:056164 --role client --parentprocessid 28952 --diag "C:\GitHub\BurgerMasters-Back-end\BurgerMasters\BurgerMasters.UnitTests\bin\Debug\net6.0\fine-code-coverage\coverage-tool-output\diagnostics.host.23-07-14_23-16-22_61816_7.log" --tracelevel 4 --datacollectionport 56163 --telemetryoptedin false'
TpTrace Verbose: 0 : 28952, 7, 2023/07/14, 23:16:22.624, 3638342242015, vstest.console.dll, MulticastDelegateUtilities.SafeInvoke: HostProviderEvents.OnHostLaunched: Invoking callback 1/2 for Microsoft.VisualStudio.TestPlatform.CrossPlatEngine.Client.ProxyExecutionManagerWithDataCollection., took 1 ms.
TpTrace Verbose: 0 : 28952, 7, 2023/07/14, 23:16:22.624, 3638342244571, vstest.console.dll, Test Runtime launched
TpTrace Verbose: 0 : 28952, 7, 2023/07/14, 23:16:22.624, 3638342245087, vstest.console.dll, MulticastDelegateUtilities.SafeInvoke: HostProviderEvents.OnHostLaunched: Invoking callback 2/2 for Microsoft.VisualStudio.TestPlatform.CrossPlatEngine.Client.ProxyOperationManager., took 0 ms.
TpTrace Verbose: 0 : 28952, 7, 2023/07/14, 23:16:22.625, 3638342246563, vstest.console.dll, TestRequestSender.WaitForRequestHandlerConnection: waiting for connection with timeout: 90000.
TpTrace Verbose: 0 : 28952, 7, 2023/07/14, 23:16:22.872, 3638344721792, vstest.console.dll, TestRequestSender.WaitForRequestHandlerConnection: waiting took 247 ms, with timeout 90000 ms, and result 0, which is success.
TpTrace Verbose: 0 : 28952, 12, 2023/07/14, 23:16:22.872, 3638344721775, vstest.console.dll, MulticastDelegateUtilities.SafeInvoke: SocketServer: ClientConnected: Invoking callback 1/1 for Microsoft.VisualStudio.TestPlatform.CommunicationUtilities.TestRequestSender., took 0 ms.
TpTrace Verbose: 0 : 28952, 12, 2023/07/14, 23:16:22.872, 3638344723603, vstest.console.dll, SocketServer.OnClientConnected: Client connected for endPoint: 127.0.0.1:56164, starting MessageLoopAsync:
TpTrace Verbose: 0 : 28952, 13, 2023/07/14, 23:16:22.873, 3638344726315, vstest.console.dll, TcpClientExtensions.MessageLoopAsync: Polling on remoteEndPoint: 127.0.0.1:56165 localEndPoint: 127.0.0.1:56164
TpTrace Verbose: 0 : 28952, 7, 2023/07/14, 23:16:22.873, 3638344731883, vstest.console.dll, TestRequestSender.CheckVersionWithTestHost: Sending check version message: {"MessageType":"ProtocolVersion","Payload":7}
TpTrace Verbose: 0 : 28952, 13, 2023/07/14, 23:16:23.052, 3638346525753, vstest.console.dll, TcpClientExtensions.MessageLoopAsync: NotifyDataAvailable remoteEndPoint: 127.0.0.1:56165 localEndPoint: 127.0.0.1:56164
TpTrace Verbose: 0 : 28952, 13, 2023/07/14, 23:16:23.053, 3638346528604, vstest.console.dll, TestRequestSender.CheckVersionWithTestHost: onMessageReceived received message: (ProtocolVersion) -> {"MessageType":"ProtocolVersion","Payload":7}
TpTrace Verbose: 0 : 28952, 13, 2023/07/14, 23:16:23.054, 3638346537679, vstest.console.dll, MulticastDelegateUtilities.SafeInvoke: LengthPrefixCommunicationChannel: MessageReceived: Invoking callback 1/1 for Microsoft.VisualStudio.TestPlatform.CommunicationUtilities.TestRequestSender+<>c__DisplayClass26_0., took 0 ms.
TpTrace Verbose: 0 : 28952, 13, 2023/07/14, 23:16:23.054, 3638346539044, vstest.console.dll, TcpClientExtensions.MessageLoopAsync: Polling on remoteEndPoint: 127.0.0.1:56165 localEndPoint: 127.0.0.1:56164
TpTrace Verbose: 0 : 28952, 7, 2023/07/14, 23:16:23.054, 3638346539262, vstest.console.dll, TestPluginCache.GetExtensionPaths: Filtered extension paths: 
TpTrace Verbose: 0 : 28952, 7, 2023/07/14, 23:16:23.054, 3638346540533, vstest.console.dll, TestPluginCache.GetExtensionPaths: Added default extension paths: C:\Program Files\dotnet\sdk\7.0.101\Extensions\Microsoft.Diagnostics.NETCore.Client.dll
C:\Program Files\dotnet\sdk\7.0.101\Extensions\Microsoft.TestPlatform.Extensions.BlameDataCollector.dll
C:\Program Files\dotnet\sdk\7.0.101\Extensions\Microsoft.TestPlatform.Extensions.EventLogCollector.dll
C:\Program Files\dotnet\sdk\7.0.101\Extensions\Microsoft.TestPlatform.TestHostRuntimeProvider.dll
C:\Program Files\dotnet\sdk\7.0.101\Extensions\Microsoft.VisualStudio.TestPlatform.Extensions.Html.TestLogger.dll
C:\Program Files\dotnet\sdk\7.0.101\Extensions\Microsoft.VisualStudio.TestPlatform.Extensions.Trx.TestLogger.dll
TpTrace Verbose: 0 : 28952, 7, 2023/07/14, 23:16:23.054, 3638346540994, vstest.console.dll, TestPluginCache.GetExtensionPaths: Added unfilterableExtensionPaths: 
TpTrace Verbose: 0 : 28952, 7, 2023/07/14, 23:16:23.058, 3638346585503, vstest.console.dll, TestRequestSender.InitializeExecution: Sending initialize execution with message: {"Version":7,"MessageType":"TestExecution.Initialize","Payload":["C:\\GitHub\\BurgerMasters-Back-end\\BurgerMasters\\BurgerMasters.UnitTests\\bin\\Debug\\net6.0\\fine-code-coverage\\build-output\\NUnit3.TestAdapter.dll"]}
TpTrace Warning: 0 : 28952, 7, 2023/07/14, 23:16:23.059, 3638346592971, vstest.console.dll, InferRunSettingsHelper.MakeRunsettingsCompatible: Removing the following settings: TargetPlatform from RunSettings file. To use those settings please move to latest version of Microsoft.NET.Test.Sdk
TpTrace Verbose: 0 : 28952, 13, 2023/07/14, 23:16:23.060, 3638346599199, vstest.console.dll, TcpClientExtensions.MessageLoopAsync: NotifyDataAvailable remoteEndPoint: 127.0.0.1:56165 localEndPoint: 127.0.0.1:56164
TpTrace Verbose: 0 : 28952, 13, 2023/07/14, 23:16:23.060, 3638346605092, vstest.console.dll, TestRequestSender.OnExecutionMessageReceived: Received message: {"Version":7,"MessageType":"TestSession.Message","Payload":{"MessageLevel":0,"Message":"Logging TestHost Diagnostics in file: C:\\GitHub\\BurgerMasters-Back-end\\BurgerMasters\\BurgerMasters.UnitTests\\bin\\Debug\\net6.0\\fine-code-coverage\\coverage-tool-output\\diagnostics.host.23-07-14_23-16-22_61816_7.log"}}
TpTrace Verbose: 0 : 28952, 13, 2023/07/14, 23:16:23.095, 3638346950783, vstest.console.dll, TestRunRequest:SendTestRunMessage: Starting.
TpTrace Verbose: 0 : 28952, 13, 2023/07/14, 23:16:23.095, 3638346953292, vstest.console.dll, MulticastDelegateUtilities.SafeInvoke: TestRun.LogMessages: Invoking callback 1/1 for Microsoft.VisualStudio.TestPlatform.CommandLine.TestRunResultAggregator., took 0 ms.
TpTrace Verbose: 0 : 28952, 4, 2023/07/14, 23:16:23.095, 3638346954353, vstest.console.dll, MulticastDelegateUtilities.SafeInvoke: InternalTestLoggerEvents.SendTestRunMessage: Invoking callback 1/1 for Microsoft.VisualStudio.TestPlatform.CommandLine.Internal.ConsoleLogger., took 0 ms.
TpTrace Information: 0 : 28952, 13, 2023/07/14, 23:16:23.095, 3638346954629, vstest.console.dll, TestRunRequest:SendTestRunMessage: Completed.
TpTrace Verbose: 0 : 28952, 13, 2023/07/14, 23:16:23.095, 3638346956040, vstest.console.dll, MulticastDelegateUtilities.SafeInvoke: LengthPrefixCommunicationChannel: MessageReceived: Invoking callback 1/1 for Microsoft.VisualStudio.TestPlatform.CommunicationUtilities.TestRequestSender+<>c__DisplayClass31_0., took 35 ms.
TpTrace Verbose: 0 : 28952, 13, 2023/07/14, 23:16:23.096, 3638346956481, vstest.console.dll, TcpClientExtensions.MessageLoopAsync: Polling on remoteEndPoint: 127.0.0.1:56165 localEndPoint: 127.0.0.1:56164
TpTrace Verbose: 0 : 28952, 7, 2023/07/14, 23:16:23.107, 3638347066455, vstest.console.dll, TestRequestSender.StartTestRun: Sending test run with message: {"Version":7,"MessageType":"TestExecution.StartWithSources","Payload":{"AdapterSourceMap":{"_none_":["C:\\GitHub\\BurgerMasters-Back-end\\BurgerMasters\\BurgerMasters.UnitTests\\bin\\Debug\\net6.0\\fine-code-coverage\\build-output\\BurgerMasters.UnitTests.dll"]},"RunSettings":"<RunSettings>\r\n  <RunConfiguration>\r\n    <ResultsDirectory>C:\\GitHub\\BurgerMasters-Back-end\\BurgerMasters\\BurgerMasters.UnitTests\\bin\\Debug\\net6.0\\fine-code-coverage\\coverage-tool-output</ResultsDirectory>\r\n    <TargetFrameworkVersion>.NETCoreApp,Version=v6.0</TargetFrameworkVersion>\r\n    <DesignMode>False</DesignMode>\r\n    <CollectSourceInformation>False</CollectSourceInformation>\r\n  </RunConfiguration>\r\n  <LoggerRunSettings>\r\n    <Loggers>\r\n      <Logger friendlyName=\"blame\" enabled=\"True\" />\r\n      <Logger friendlyName=\"Console\" uri=\"logger://microsoft/TestPlatform/ConsoleLogger/v1\" assemblyQualifiedName=\"Microsoft.VisualStudio.TestPlatform.CommandLine.Internal.ConsoleLogger, vstest.console, Version=15.0.0.0, Culture=neutral, PublicKeyToken=b03f5f7f11d50a3a\" codeBase=\"C:\\Program Files\\dotnet\\sdk\\7.0.101\\vstest.console.dll\" enabled=\"True\" />\r\n    </Loggers>\r\n  </LoggerRunSettings>\r\n  <DataCollectionRunSettings>\r\n    <DataCollectors>\r\n      <DataCollector friendlyName=\"blame\" enabled=\"True\">\r\n        <Configuration>\r\n          <ResultsDirectory>C:\\GitHub\\BurgerMasters-Back-end\\BurgerMasters\\BurgerMasters.UnitTests\\bin\\Debug\\net6.0\\fine-code-coverage\\coverage-tool-output</ResultsDirectory>\r\n        </Configuration>\r\n      </DataCollector>\r\n    </DataCollectors>\r\n  </DataCollectionRunSettings>\r\n</RunSettings>","TestExecutionContext":{"FrequencyOfRunStatsChangeEvent":10,"RunStatsChangeEventTimeout":"00:00:01.5000000","InIsolation":false,"KeepAlive":false,"AreTestCaseLevelEventsRequired":false,"IsDebug":false,"TestCaseFilter":null,"FilterOptions":null},"Package":null}}
TpTrace Verbose: 0 : 28952, 13, 2023/07/14, 23:16:23.264, 3638348636665, vstest.console.dll, TcpClientExtensions.MessageLoopAsync: NotifyDataAvailable remoteEndPoint: 127.0.0.1:56165 localEndPoint: 127.0.0.1:56164
TpTrace Verbose: 0 : 28952, 13, 2023/07/14, 23:16:23.264, 3638348638511, vstest.console.dll, TestRequestSender.OnExecutionMessageReceived: Received message: {"Version":7,"MessageType":"TestSession.Message","Payload":{"MessageLevel":0,"Message":"NUnit Adapter 4.2.0.0: Test execution started"}}
TpTrace Verbose: 0 : 28952, 13, 2023/07/14, 23:16:23.264, 3638348641131, vstest.console.dll, TestRunRequest:SendTestRunMessage: Starting.
TpTrace Verbose: 0 : 28952, 13, 2023/07/14, 23:16:23.264, 3638348641806, vstest.console.dll, MulticastDelegateUtilities.SafeInvoke: TestRun.LogMessages: Invoking callback 1/1 for Microsoft.VisualStudio.TestPlatform.CommandLine.TestRunResultAggregator., took 0 ms.
TpTrace Information: 0 : 28952, 13, 2023/07/14, 23:16:23.264, 3638348642084, vstest.console.dll, TestRunRequest:SendTestRunMessage: Completed.
TpTrace Verbose: 0 : 28952, 13, 2023/07/14, 23:16:23.264, 3638348642372, vstest.console.dll, MulticastDelegateUtilities.SafeInvoke: LengthPrefixCommunicationChannel: MessageReceived: Invoking callback 1/1 for Microsoft.VisualStudio.TestPlatform.CommunicationUtilities.TestRequestSender+<>c__DisplayClass31_0., took 0 ms.
TpTrace Verbose: 0 : 28952, 13, 2023/07/14, 23:16:23.264, 3638348642672, vstest.console.dll, TcpClientExtensions.MessageLoopAsync: Polling on remoteEndPoint: 127.0.0.1:56165 localEndPoint: 127.0.0.1:56164
TpTrace Verbose: 0 : 28952, 4, 2023/07/14, 23:16:23.264, 3638348643039, vstest.console.dll, MulticastDelegateUtilities.SafeInvoke: InternalTestLoggerEvents.SendTestRunMessage: Invoking callback 1/1 for Microsoft.VisualStudio.TestPlatform.CommandLine.Internal.ConsoleLogger., took 0 ms.
TpTrace Verbose: 0 : 28952, 13, 2023/07/14, 23:16:23.294, 3638348942621, vstest.console.dll, TcpClientExtensions.MessageLoopAsync: NotifyDataAvailable remoteEndPoint: 127.0.0.1:56165 localEndPoint: 127.0.0.1:56164
TpTrace Verbose: 0 : 28952, 13, 2023/07/14, 23:16:23.294, 3638348944602, vstest.console.dll, TestRequestSender.OnExecutionMessageReceived: Received message: {"Version":7,"MessageType":"TestSession.Message","Payload":{"MessageLevel":0,"Message":"Running all tests in C:\\GitHub\\BurgerMasters-Back-end\\BurgerMasters\\BurgerMasters.UnitTests\\bin\\Debug\\net6.0\\fine-code-coverage\\build-output\\BurgerMasters.UnitTests.dll"}}
TpTrace Verbose: 0 : 28952, 13, 2023/07/14, 23:16:23.294, 3638348945931, vstest.console.dll, TestRunRequest:SendTestRunMessage: Starting.
TpTrace Verbose: 0 : 28952, 13, 2023/07/14, 23:16:23.295, 3638348946577, vstest.console.dll, MulticastDelegateUtilities.SafeInvoke: TestRun.LogMessages: Invoking callback 1/1 for Microsoft.VisualStudio.TestPlatform.CommandLine.TestRunResultAggregator., took 0 ms.
TpTrace Information: 0 : 28952, 13, 2023/07/14, 23:16:23.295, 3638348946818, vstest.console.dll, TestRunRequest:SendTestRunMessage: Completed.
TpTrace Verbose: 0 : 28952, 13, 2023/07/14, 23:16:23.295, 3638348947046, vstest.console.dll, MulticastDelegateUtilities.SafeInvoke: LengthPrefixCommunicationChannel: MessageReceived: Invoking callback 1/1 for Microsoft.VisualStudio.TestPlatform.CommunicationUtilities.TestRequestSender+<>c__DisplayClass31_0., took 0 ms.
TpTrace Verbose: 0 : 28952, 4, 2023/07/14, 23:16:23.295, 3638348947070, vstest.console.dll, MulticastDelegateUtilities.SafeInvoke: InternalTestLoggerEvents.SendTestRunMessage: Invoking callback 1/1 for Microsoft.VisualStudio.TestPlatform.CommandLine.Internal.ConsoleLogger., took 0 ms.
TpTrace Verbose: 0 : 28952, 13, 2023/07/14, 23:16:23.295, 3638348948174, vstest.console.dll, TcpClientExtensions.MessageLoopAsync: Polling on remoteEndPoint: 127.0.0.1:56165 localEndPoint: 127.0.0.1:56164
TpTrace Verbose: 0 : 28952, 13, 2023/07/14, 23:16:23.448, 3638350485181, vstest.console.dll, TcpClientExtensions.MessageLoopAsync: NotifyDataAvailable remoteEndPoint: 127.0.0.1:56165 localEndPoint: 127.0.0.1:56164
TpTrace Verbose: 0 : 28952, 13, 2023/07/14, 23:16:23.449, 3638350487303, vstest.console.dll, TestRequestSender.OnExecutionMessageReceived: Received message: {"Version":7,"MessageType":"TestSession.Message","Payload":{"MessageLevel":0,"Message":"   NUnit3TestExecutor discovered 10 of 10 NUnit test cases using Current Discovery mode, Non-Explicit run"}}
TpTrace Verbose: 0 : 28952, 13, 2023/07/14, 23:16:23.449, 3638350488776, vstest.console.dll, TestRunRequest:SendTestRunMessage: Starting.
TpTrace Verbose: 0 : 28952, 13, 2023/07/14, 23:16:23.449, 3638350490173, vstest.console.dll, MulticastDelegateUtilities.SafeInvoke: TestRun.LogMessages: Invoking callback 1/1 for Microsoft.VisualStudio.TestPlatform.CommandLine.TestRunResultAggregator., took 0 ms.
TpTrace Information: 0 : 28952, 13, 2023/07/14, 23:16:23.449, 3638350490649, vstest.console.dll, TestRunRequest:SendTestRunMessage: Completed.
TpTrace Verbose: 0 : 28952, 13, 2023/07/14, 23:16:23.449, 3638350490933, vstest.console.dll, MulticastDelegateUtilities.SafeInvoke: LengthPrefixCommunicationChannel: MessageReceived: Invoking callback 1/1 for Microsoft.VisualStudio.TestPlatform.CommunicationUtilities.TestRequestSender+<>c__DisplayClass31_0., took 0 ms.
TpTrace Verbose: 0 : 28952, 13, 2023/07/14, 23:16:23.449, 3638350491252, vstest.console.dll, TcpClientExtensions.MessageLoopAsync: Polling on remoteEndPoint: 127.0.0.1:56165 localEndPoint: 127.0.0.1:56164
TpTrace Verbose: 0 : 28952, 4, 2023/07/14, 23:16:23.449, 3638350491440, vstest.console.dll, MulticastDelegateUtilities.SafeInvoke: InternalTestLoggerEvents.SendTestRunMessage: Invoking callback 1/1 for Microsoft.VisualStudio.TestPlatform.CommandLine.Internal.ConsoleLogger., took 0 ms.
TpTrace Verbose: 0 : 28952, 13, 2023/07/14, 23:16:23.954, 3638355542315, vstest.console.dll, TcpClientExtensions.MessageLoopAsync: NotifyDataAvailable remoteEndPoint: 127.0.0.1:56165 localEndPoint: 127.0.0.1:56164
TpTrace Verbose: 0 : 28952, 13, 2023/07/14, 23:16:23.954, 3638355544910, vstest.console.dll, TestRequestSender.OnExecutionMessageReceived: Received message: {"Version":7,"MessageType":"TestExecution.StatsChange","Payload":{"NewTestResults":[{"TestCase":{"Id":"83679914-afa1-d023-69e1-528b6ff1bd24","FullyQualifiedName":"BurgerMasters.UnitTests.User.TokenServiceTests.GenerateToken_ReturnsValidJwtToken","DisplayName":"GenerateToken_ReturnsValidJwtToken","ExecutorUri":"executor://NUnit3TestExecutor","Source":"C:\\GitHub\\BurgerMasters-Back-end\\BurgerMasters\\BurgerMasters.UnitTests\\bin\\Debug\\net6.0\\fine-code-coverage\\build-output\\BurgerMasters.UnitTests.dll","CodeFilePath":null,"LineNumber":0,"Properties":[{"Key":{"Id":"NUnit.Seed","Label":"Seed","Category":"","Description":"","Attributes":0,"ValueType":"System.String"},"Value":"532469793"}]},"Attachments":[],"Outcome":1,"ErrorMessage":null,"ErrorStackTrace":null,"DisplayName":"GenerateToken_ReturnsValidJwtToken","Messages":[],"ComputerName":"STILI","Duration":"00:00:00.2673600","StartTime":"2023-07-14T20:16:23.4817237+00:00","EndTime":"2023-07-14T20:16:23.748968+00:00","Properties":[{"Key":{"Id":"NUnit.Seed","Label":"Seed","Category":"","Description":"","Attributes":0,"ValueType":"System.String"},"Value":"532469793"}]},{"TestCase":{"Id":"294094e7-f0e5-f6fe-d402-dae1d74799a4","FullyQualifiedName":"BurgerMasters.UnitTests.User.TokenServiceTests.GetClaims_ReturnsCorrectClaims","DisplayName":"GetClaims_ReturnsCorrectClaims","ExecutorUri":"executor://NUnit3TestExecutor","Source":"C:\\GitHub\\BurgerMasters-Back-end\\BurgerMasters\\BurgerMasters.UnitTests\\bin\\Debug\\net6.0\\fine-code-coverage\\build-output\\BurgerMasters.UnitTests.dll","CodeFilePath":null,"LineNumber":0,"Properties":[{"Key":{"Id":"NUnit.Seed","Label":"Seed","Category":"","Description":"","Attributes":0,"ValueType":"System.String"},"Value":"934902830"}]},"Attachments":[],"Outcome":1,"ErrorMessage":null,"ErrorStackTrace":null,"DisplayName":"GetClaims_ReturnsCorrectClaims","Messages":[],"ComputerName":"STILI","Duration":"00:00:00.0038060","StartTime":"2023-07-14T20:16:23.7508029+00:00","EndTime":"2023-07-14T20:16:23.7546094+00:00","Properties":[{"Key":{"Id":"NUnit.Seed","Label":"Seed","Category":"","Description":"","Attributes":0,"ValueType":"System.String"},"Value":"934902830"}]},{"TestCase":{"Id":"8ee95102-f143-2eb0-6dba-f227b4b32aa7","FullyQualifiedName":"BurgerMasters.UnitTests.User.UserRepositoryTests.LoginAsync_ValidCredentials_ReturnsFailed","DisplayName":"LoginAsync_ValidCredentials_ReturnsFailed","ExecutorUri":"executor://NUnit3TestExecutor","Source":"C:\\GitHub\\BurgerMasters-Back-end\\BurgerMasters\\BurgerMasters.UnitTests\\bin\\Debug\\net6.0\\fine-code-coverage\\build-output\\BurgerMasters.UnitTests.dll","CodeFilePath":null,"LineNumber":0,"Properties":[{"Key":{"Id":"NUnit.Seed","Label":"Seed","Category":"","Description":"","Attributes":0,"ValueType":"System.String"},"Value":"1181832196"}]},"Attachments":[],"Outcome":1,"ErrorMessage":null,"ErrorStackTrace":null,"DisplayName":"LoginAsync_ValidCredentials_ReturnsFailed","Messages":[],"ComputerName":"STILI","Duration":"00:00:00.1230170","StartTime":"2023-07-14T20:16:23.7569504+00:00","EndTime":"2023-07-14T20:16:23.8799662+00:00","Properties":[{"Key":{"Id":"NUnit.Seed","Label":"Seed","Category":"","Description":"","Attributes":0,"ValueType":"System.String"},"Value":"1181832196"}]},{"TestCase":{"Id":"8ec5b015-1704-bd76-5ea8-19be3784711b","FullyQualifiedName":"BurgerMasters.UnitTests.User.UserRepositoryTests.LoginAsync_ValidCredentials_ReturnsSuccess","DisplayName":"LoginAsync_ValidCredentials_ReturnsSuccess","ExecutorUri":"executor://NUnit3TestExecutor","Source":"C:\\GitHub\\BurgerMasters-Back-end\\BurgerMasters\\BurgerMasters.UnitTests\\bin\\Debug\\net6.0\\fine-code-coverage\\build-output\\BurgerMasters.UnitTests.dll","CodeFilePath":null,"LineNumber":0,"Properties":[{"Key":{"Id":"NUnit.Seed","Label":"Seed","Category":"","Description":"","Attributes":0,"ValueType":"System.String"},"Value":"2078494763"}]},"Attachments":[],"Outcome":1,"ErrorMessage":null,"ErrorStackTrace":null,"DisplayName":"LoginAsync_ValidCredentials_ReturnsSuccess","Messages":[],"ComputerName":"STILI","Duration":"00:00:00.0096360","StartTime":"2023-07-14T20:16:23.8799982+00:00","EndTime":"2023-07-14T20:16:23.889634+00:00","Properties":[{"Key":{"Id":"NUnit.Seed","Label":"Seed","Category":"","Description":"","Attributes":0,"ValueType":"System.String"},"Value":"2078494763"}]},{"TestCase":{"Id":"42fa64dd-3fde-6259-a91f-e4569d8f1759","FullyQualifiedName":"BurgerMasters.UnitTests.User.UserRepositoryTests.RegisterAsync_ValiData_ReturnSuccess","DisplayName":"RegisterAsync_ValiData_ReturnSuccess","ExecutorUri":"executor://NUnit3TestExecutor","Source":"C:\\GitHub\\BurgerMasters-Back-end\\BurgerMasters\\BurgerMasters.UnitTests\\bin\\Debug\\net6.0\\fine-code-coverage\\build-output\\BurgerMasters.UnitTests.dll","CodeFilePath":null,"LineNumber":0,"Properties":[{"Key":{"Id":"NUnit.Seed","Label":"Seed","Category":"","Description":"","Attributes":0,"ValueType":"System.String"},"Value":"1155511215"}]},"Attachments":[],"Outcome":1,"ErrorMessage":null,"ErrorStackTrace":null,"DisplayName":"RegisterAsync_ValiData_ReturnSuccess","Messages":[],"ComputerName":"STILI","Duration":"00:00:00.0028540","StartTime":"2023-07-14T20:16:23.889659+00:00","EndTime":"2023-07-14T20:16:23.8925121+00:00","Properties":[{"Key":{"Id":"NUnit.Seed","Label":"Seed","Category":"","Description":"","Attributes":0,"ValueType":"System.String"},"Value":"1155511215"}]},{"TestCase":{"Id":"f91c30cf-634c-7d05-7c9c-a1a3a36a60a0","FullyQualifiedName":"BurgerMasters.UnitTests.User.UserRepositoryTests.RegisterAsync_ValidInput_ReturnsFailedIdentityResult","DisplayName":"RegisterAsync_ValidInput_ReturnsFailedIdentityResult","ExecutorUri":"executor://NUnit3TestExecutor","Source":"C:\\GitHub\\BurgerMasters-Back-end\\BurgerMasters\\BurgerMasters.UnitTests\\bin\\Debug\\net6.0\\fine-code-coverage\\build-output\\BurgerMasters.UnitTests.dll","CodeFilePath":null,"LineNumber":0,"Properties":[{"Key":{"Id":"NUnit.Seed","Label":"Seed","Category":"","Description":"","Attributes":0,"ValueType":"System.String"},"Value":"138757000"}]},"Attachments":[],"Outcome":1,"ErrorMessage":null,"ErrorStackTrace":null,"DisplayName":"RegisterAsync_ValidInput_ReturnsFailedIdentityResult","Messages":[],"ComputerName":"STILI","Duration":"00:00:00.0015910","StartTime":"2023-07-14T20:16:23.8925388+00:00","EndTime":"2023-07-14T20:16:23.8941301+00:00","Properties":[{"Key":{"Id":"NUnit.Seed","Label":"Seed","Category":"","Description":"","Attributes":0,"ValueType":"System.String"},"Value":"138757000"}]},{"TestCase":{"Id":"81d0216b-bd2d-95c4-6c82-fddef6856136","FullyQualifiedName":"BurgerMasters.UnitTests.User.UserServiceTests.LoginAsync_ValiData_ReturnsSignInResult","DisplayName":"LoginAsync_ValiData_ReturnsSignInResult","ExecutorUri":"executor://NUnit3TestExecutor","Source":"C:\\GitHub\\BurgerMasters-Back-end\\BurgerMasters\\BurgerMasters.UnitTests\\bin\\Debug\\net6.0\\fine-code-coverage\\build-output\\BurgerMasters.UnitTests.dll","CodeFilePath":null,"LineNumber":0,"Properties":[{"Key":{"Id":"NUnit.Seed","Label":"Seed","Category":"","Description":"","Attributes":0,"ValueType":"System.String"},"Value":"88712845"}]},"Attachments":[],"Outcome":1,"ErrorMessage":null,"ErrorStackTrace":null,"DisplayName":"LoginAsync_ValiData_ReturnsSignInResult","Messages":[],"ComputerName":"STILI","Duration":"00:00:00.0057180","StartTime":"2023-07-14T20:16:23.8942689+00:00","EndTime":"2023-07-14T20:16:23.8999867+00:00","Properties":[{"Key":{"Id":"NUnit.Seed","Label":"Seed","Category":"","Description":"","Attributes":0,"ValueType":"System.String"},"Value":"88712845"}]},{"TestCase":{"Id":"d64d74df-0676-9311-adb7-5f8e1231dfa8","FullyQualifiedName":"BurgerMasters.UnitTests.User.UserServiceTests.LogoutAsync_CallsHttpContextAccessor","DisplayName":"LogoutAsync_CallsHttpContextAccessor","ExecutorUri":"executor://NUnit3TestExecutor","Source":"C:\\GitHub\\BurgerMasters-Back-end\\BurgerMasters\\BurgerMasters.UnitTests\\bin\\Debug\\net6.0\\fine-code-coverage\\build-output\\BurgerMasters.UnitTests.dll","CodeFilePath":null,"LineNumber":0,"Properties":[{"Key":{"Id":"NUnit.Seed","Label":"Seed","Category":"","Description":"","Attributes":0,"ValueType":"System.String"},"Value":"137096876"}]},"Attachments":[],"Outcome":1,"ErrorMessage":null,"ErrorStackTrace":null,"DisplayName":"LogoutAsync_CallsHttpContextAccessor","Messages":[],"ComputerName":"STILI","Duration":"00:00:00.0230360","StartTime":"2023-07-14T20:16:23.9000111+00:00","EndTime":"2023-07-14T20:16:23.9230469+00:00","Properties":[{"Key":{"Id":"NUnit.Seed","Label":"Seed","Category":"","Description":"","Attributes":0,"ValueType":"System.String"},"Value":"137096876"}]},{"TestCase":{"Id":"9fedd648-1acc-5814-f513-84854ca0480d","FullyQualifiedName":"BurgerMasters.UnitTests.User.UserServiceTests.Register_ValidData_ReturnsIdentityResult","DisplayName":"Register_ValidData_ReturnsIdentityResult","ExecutorUri":"executor://NUnit3TestExecutor","Source":"C:\\GitHub\\BurgerMasters-Back-end\\BurgerMasters\\BurgerMasters.UnitTests\\bin\\Debug\\net6.0\\fine-code-coverage\\build-output\\BurgerMasters.UnitTests.dll","CodeFilePath":null,"LineNumber":0,"Properties":[{"Key":{"Id":"NUnit.Seed","Label":"Seed","Category":"","Description":"","Attributes":0,"ValueType":"System.String"},"Value":"222551964"}]},"Attachments":[],"Outcome":1,"ErrorMessage":null,"ErrorStackTrace":null,"DisplayName":"Register_ValidData_ReturnsIdentityResult","Messages":[],"ComputerName":"STILI","Duration":"00:00:00.0034850","StartTime":"2023-07-14T20:16:23.9230763+00:00","EndTime":"2023-07-14T20:16:23.926561+00:00","Properties":[{"Key":{"Id":"NUnit.Seed","Label":"Seed","Category":"","Description":"","Attributes":0,"ValueType":"System.String"},"Value":"222551964"}]}],"TestRunStatistics":{"ExecutedTests":9,"Stats":{"Passed":9}},"ActiveTests":[{"Id":"a42752fe-91fe-6e47-d7a0-d3046a099a64","FullyQualifiedName":"BurgerMasters.UnitTests.User.UserServiceTests.Register_ValidData_ReturnsIdentityResult_Failure","DisplayName":"Register_ValidData_ReturnsIdentityResult_Failure","ExecutorUri":"executor://NUnit3TestExecutor","Source":"C:\\GitHub\\BurgerMasters-Back-end\\BurgerMasters\\BurgerMasters.UnitTests\\bin\\Debug\\net6.0\\fine-code-coverage\\build-output\\BurgerMasters.UnitTests.dll","CodeFilePath":null,"LineNumber":0,"Properties":[{"Key":{"Id":"NUnit.Seed","Label":"Seed","Category":"","Description":"","Attributes":0,"ValueType":"System.String"},"Value":"1300713778"}]}]}}
TpTrace Verbose: 0 : 28952, 13, 2023/07/14, 23:16:23.995, 3638355950546, vstest.console.dll, TestRunRequest:SendTestRunStatsChange: Starting.
TpTrace Verbose: 0 : 28952, 13, 2023/07/14, 23:16:23.995, 3638355952365, vstest.console.dll, InProgress is Register_ValidData_ReturnsIdentityResult_Failure
TpTrace Verbose: 0 : 28952, 13, 2023/07/14, 23:16:23.995, 3638355954513, vstest.console.dll, MulticastDelegateUtilities.SafeInvoke: TestRun.RunStatsChanged: Invoking callbacks was skipped because there are no subscribers.
TpTrace Information: 0 : 28952, 13, 2023/07/14, 23:16:23.995, 3638355954777, vstest.console.dll, TestRunRequest:SendTestRunStatsChange: Completed.
TpTrace Verbose: 0 : 28952, 13, 2023/07/14, 23:16:23.995, 3638355954989, vstest.console.dll, MulticastDelegateUtilities.SafeInvoke: LengthPrefixCommunicationChannel: MessageReceived: Invoking callback 1/1 for Microsoft.VisualStudio.TestPlatform.CommunicationUtilities.TestRequestSender+<>c__DisplayClass31_0., took 41 ms.
TpTrace Verbose: 0 : 28952, 13, 2023/07/14, 23:16:23.995, 3638355955249, vstest.console.dll, TcpClientExtensions.MessageLoopAsync: Polling on remoteEndPoint: 127.0.0.1:56165 localEndPoint: 127.0.0.1:56164
TpTrace Verbose: 0 : 28952, 13, 2023/07/14, 23:16:23.995, 3638355955601, vstest.console.dll, TcpClientExtensions.MessageLoopAsync: NotifyDataAvailable remoteEndPoint: 127.0.0.1:56165 localEndPoint: 127.0.0.1:56164
TpTrace Verbose: 0 : 28952, 13, 2023/07/14, 23:16:23.995, 3638355956077, vstest.console.dll, TestRequestSender.OnExecutionMessageReceived: Received message: {"Version":7,"MessageType":"TestSession.Message","Payload":{"MessageLevel":0,"Message":"NUnit Adapter 4.2.0.0: Test execution complete"}}
TpTrace Verbose: 0 : 28952, 13, 2023/07/14, 23:16:23.996, 3638355956718, vstest.console.dll, TestRunRequest:SendTestRunMessage: Starting.
TpTrace Verbose: 0 : 28952, 13, 2023/07/14, 23:16:23.996, 3638355956994, vstest.console.dll, MulticastDelegateUtilities.SafeInvoke: TestRun.LogMessages: Invoking callback 1/1 for Microsoft.VisualStudio.TestPlatform.CommandLine.TestRunResultAggregator., took 0 ms.
TpTrace Information: 0 : 28952, 13, 2023/07/14, 23:16:23.996, 3638355957155, vstest.console.dll, TestRunRequest:SendTestRunMessage: Completed.
TpTrace Verbose: 0 : 28952, 13, 2023/07/14, 23:16:23.996, 3638355957324, vstest.console.dll, MulticastDelegateUtilities.SafeInvoke: LengthPrefixCommunicationChannel: MessageReceived: Invoking callback 1/1 for Microsoft.VisualStudio.TestPlatform.CommunicationUtilities.TestRequestSender+<>c__DisplayClass31_0., took 0 ms.
TpTrace Verbose: 0 : 28952, 13, 2023/07/14, 23:16:23.996, 3638355957527, vstest.console.dll, TcpClientExtensions.MessageLoopAsync: Polling on remoteEndPoint: 127.0.0.1:56165 localEndPoint: 127.0.0.1:56164
TpTrace Verbose: 0 : 28952, 13, 2023/07/14, 23:16:23.996, 3638355957729, vstest.console.dll, TcpClientExtensions.MessageLoopAsync: NotifyDataAvailable remoteEndPoint: 127.0.0.1:56165 localEndPoint: 127.0.0.1:56164
TpTrace Verbose: 0 : 28952, 13, 2023/07/14, 23:16:23.996, 3638355958134, vstest.console.dll, TestRequestSender.OnExecutionMessageReceived: Received message: {"Version":7,"MessageType":"TestExecution.Completed","Payload":{"TestRunCompleteArgs":{"TestRunStatistics":{"ExecutedTests":10,"Stats":{"Passed":10}},"IsCanceled":false,"IsAborted":false,"Error":null,"AttachmentSets":[],"InvokedDataCollectors":[],"ElapsedTimeInRunningTests":"00:00:00.7205720","Metrics":{},"DiscoveredExtensions":{"TestDiscoverers":["NUnit.VisualStudio.TestAdapter.NUnit3TestDiscoverer, NUnit3.TestAdapter, Version=4.2.0.0, Culture=neutral, PublicKeyToken=4cb40d35494691ac"],"TestExecutors":["executor://NUnit3TestExecutor"],"TestExecutors2":[],"TestSettingsProviders":[]}},"LastRunTests":{"NewTestResults":[{"TestCase":{"Id":"a42752fe-91fe-6e47-d7a0-d3046a099a64","FullyQualifiedName":"BurgerMasters.UnitTests.User.UserServiceTests.Register_ValidData_ReturnsIdentityResult_Failure","DisplayName":"Register_ValidData_ReturnsIdentityResult_Failure","ExecutorUri":"executor://NUnit3TestExecutor","Source":"C:\\GitHub\\BurgerMasters-Back-end\\BurgerMasters\\BurgerMasters.UnitTests\\bin\\Debug\\net6.0\\fine-code-coverage\\build-output\\BurgerMasters.UnitTests.dll","CodeFilePath":null,"LineNumber":0,"Properties":[{"Key":{"Id":"NUnit.Seed","Label":"Seed","Category":"","Description":"","Attributes":0,"ValueType":"System.String"},"Value":"1300713778"}]},"Attachments":[],"Outcome":1,"ErrorMessage":null,"ErrorStackTrace":null,"DisplayName":"Register_ValidData_ReturnsIdentityResult_Failure","Messages":[],"ComputerName":"STILI","Duration":"00:00:00.0021430","StartTime":"2023-07-14T20:16:23.9265832+00:00","EndTime":"2023-07-14T20:16:23.9287259+00:00","Properties":[{"Key":{"Id":"NUnit.Seed","Label":"Seed","Category":"","Description":"","Attributes":0,"ValueType":"System.String"},"Value":"1300713778"}]}],"TestRunStatistics":{"ExecutedTests":10,"Stats":{"Passed":10}},"ActiveTests":[]},"RunAttachments":[],"ExecutorUris":["executor://nunit3testexecutor/"]}}
TpTrace Verbose: 0 : 28952, 13, 2023/07/14, 23:16:23.996, 3638355958649, vstest.console.dll, TestRequestSender.EndSession: Sending end session.
TpTrace Verbose: 0 : 28952, 13, 2023/07/14, 23:16:23.996, 3638355959981, vstest.console.dll, ProxyOperationManager.Close: waiting for test host to exit for 100 ms
TpTrace Verbose: 0 : 28952, 4, 2023/07/14, 23:16:23.998, 3638355976636, vstest.console.dll, MulticastDelegateUtilities.SafeInvoke: InternalTestLoggerEvents.SendTestResult: Invoking callback 1/1 for Microsoft.VisualStudio.TestPlatform.CommandLine.Internal.ConsoleLogger., took 2 ms.
TpTrace Verbose: 0 : 28952, 4, 2023/07/14, 23:16:23.998, 3638355979546, vstest.console.dll, MulticastDelegateUtilities.SafeInvoke: InternalTestLoggerEvents.SendTestResult: Invoking callback 1/1 for Microsoft.VisualStudio.TestPlatform.CommandLine.Internal.ConsoleLogger., took 0 ms.
TpTrace Verbose: 0 : 28952, 4, 2023/07/14, 23:16:23.998, 3638355980157, vstest.console.dll, MulticastDelegateUtilities.SafeInvoke: InternalTestLoggerEvents.SendTestResult: Invoking callback 1/1 for Microsoft.VisualStudio.TestPlatform.CommandLine.Internal.ConsoleLogger., took 0 ms.
TpTrace Verbose: 0 : 28952, 4, 2023/07/14, 23:16:23.998, 3638355980503, vstest.console.dll, MulticastDelegateUtilities.SafeInvoke: InternalTestLoggerEvents.SendTestResult: Invoking callback 1/1 for Microsoft.VisualStudio.TestPlatform.CommandLine.Internal.ConsoleLogger., took 0 ms.
TpTrace Verbose: 0 : 28952, 4, 2023/07/14, 23:16:23.998, 3638355980792, vstest.console.dll, MulticastDelegateUtilities.SafeInvoke: InternalTestLoggerEvents.SendTestResult: Invoking callback 1/1 for Microsoft.VisualStudio.TestPlatform.CommandLine.Internal.ConsoleLogger., took 0 ms.
TpTrace Verbose: 0 : 28952, 4, 2023/07/14, 23:16:23.998, 3638355981086, vstest.console.dll, MulticastDelegateUtilities.SafeInvoke: InternalTestLoggerEvents.SendTestResult: Invoking callback 1/1 for Microsoft.VisualStudio.TestPlatform.CommandLine.Internal.ConsoleLogger., took 0 ms.
TpTrace Verbose: 0 : 28952, 4, 2023/07/14, 23:16:23.998, 3638355981378, vstest.console.dll, MulticastDelegateUtilities.SafeInvoke: InternalTestLoggerEvents.SendTestResult: Invoking callback 1/1 for Microsoft.VisualStudio.TestPlatform.CommandLine.Internal.ConsoleLogger., took 0 ms.
TpTrace Verbose: 0 : 28952, 4, 2023/07/14, 23:16:23.998, 3638355981668, vstest.console.dll, MulticastDelegateUtilities.SafeInvoke: InternalTestLoggerEvents.SendTestResult: Invoking callback 1/1 for Microsoft.VisualStudio.TestPlatform.CommandLine.Internal.ConsoleLogger., took 0 ms.
TpTrace Verbose: 0 : 28952, 4, 2023/07/14, 23:16:23.998, 3638355981974, vstest.console.dll, MulticastDelegateUtilities.SafeInvoke: InternalTestLoggerEvents.SendTestResult: Invoking callback 1/1 for Microsoft.VisualStudio.TestPlatform.CommandLine.Internal.ConsoleLogger., took 0 ms.
TpTrace Verbose: 0 : 28952, 4, 2023/07/14, 23:16:23.998, 3638355982364, vstest.console.dll, MulticastDelegateUtilities.SafeInvoke: InternalTestLoggerEvents.SendTestRunMessage: Invoking callback 1/1 for Microsoft.VisualStudio.TestPlatform.CommandLine.Internal.ConsoleLogger., took 0 ms.
TpTrace Warning: 0 : 28952, 11, 2023/07/14, 23:16:24.032, 3638356320264, vstest.console.dll, TestHostManagerCallbacks.ErrorReceivedCallback Test host standard error line: 
TpTrace Verbose: 0 : 28952, 11, 2023/07/14, 23:16:24.043, 3638356430593, vstest.console.dll, TestHostProvider.ExitCallBack: Host exited starting callback.
TpTrace Information: 0 : 28952, 11, 2023/07/14, 23:16:24.043, 3638356432986, vstest.console.dll, TestHostManagerCallbacks.ExitCallBack: Testhost processId: 18048 exited with exitcode: 0 error: ''
TpTrace Verbose: 0 : 28952, 11, 2023/07/14, 23:16:24.043, 3638356433641, vstest.console.dll, DotnetTestHostManager.OnHostExited: invoking OnHostExited callback
TpTrace Verbose: 0 : 28952, 11, 2023/07/14, 23:16:24.043, 3638356434231, vstest.console.dll, CrossPlatEngine.TestHostManagerHostExited: calling on client process exit callback.
TpTrace Information: 0 : 28952, 11, 2023/07/14, 23:16:24.043, 3638356434986, vstest.console.dll, TestRequestSender.OnClientProcessExit: Test host process exited. Standard error: 
TpTrace Information: 0 : 28952, 11, 2023/07/14, 23:16:24.043, 3638356435420, vstest.console.dll, SocketServer.Stop: Stop server endPoint: 127.0.0.1:56164
TpTrace Information: 0 : 28952, 11, 2023/07/14, 23:16:24.043, 3638356435745, vstest.console.dll, SocketServer.Stop: Cancellation requested. Stopping message loop.
TpTrace Information: 0 : 28952, 13, 2023/07/14, 23:16:24.044, 3638356436182, vstest.console.dll, SocketServer.Stop: Stop server endPoint: 127.0.0.1:56164
TpTrace Information: 0 : 28952, 13, 2023/07/14, 23:16:24.044, 3638356437291, vstest.console.dll, SocketServer.Stop: Cancellation requested. Stopping message loop.
TpTrace Information: 0 : 28952, 13, 2023/07/14, 23:16:24.044, 3638356437894, vstest.console.dll, Closing the connection
TpTrace Verbose: 0 : 28952, 11, 2023/07/14, 23:16:24.044, 3638356437755, vstest.console.dll, MulticastDelegateUtilities.SafeInvoke: HostProviderEvents.OnHostExited: Invoking callback 1/1 for Microsoft.VisualStudio.TestPlatform.CrossPlatEngine.Client.ProxyOperationManager., took 0 ms.
TpTrace Verbose: 0 : 28952, 13, 2023/07/14, 23:16:24.044, 3638356441299, vstest.console.dll, ProxyDataCollectionManager.InvokeDataCollectionServiceAction: Starting.
TpTrace Information: 0 : 28952, 13, 2023/07/14, 23:16:24.044, 3638356441808, vstest.console.dll, ProxyDataCollectionManager.AfterTestRunEnd: Get attachment set and invoked data collectors processId: 22412 port: 56161
TpTrace Verbose: 0 : 28952, 13, 2023/07/14, 23:16:24.044, 3638356442398, vstest.console.dll, DataCollectionRequestSender.SendAfterTestRunStartAndGetResult: Send AfterTestRunEnd message with isCancelled: False
TpTrace Verbose: 0 : 28952, 13, 2023/07/14, 23:16:24.056, 3638356558795, vstest.console.dll, DataCollectionRequestSender.SendAfterTestRunStartAndGetResult: Received message: (DataCollection.AfterTestRunEndResult) -> {"MessageType":"DataCollection.AfterTestRunEndResult","Payload":{"AttachmentSets":[],"InvokedDataCollectors":[{"Uri":"datacollector://Microsoft/TestPlatform/Extensions/Blame/v1","FriendlyName":"Blame","AssemblyQualifiedName":"Microsoft.TestPlatform.Extensions.BlameDataCollector.BlameCollector, Microsoft.TestPlatform.Extensions.BlameDataCollector, Version=15.0.0.0, Culture=neutral, PublicKeyToken=b03f5f7f11d50a3a","FilePath":"C:\\Program Files\\dotnet\\sdk\\7.0.101\\Extensions\\Microsoft.TestPlatform.Extensions.BlameDataCollector.dll","HasAttachmentProcessor":false}],"Metrics":{}}}
TpTrace Warning: 0 : 28952, 9, 2023/07/14, 23:16:24.060, 3638356605679, vstest.console.dll, DataCollectionLauncher.ErrorReceivedCallback datacollector standard error line: 
TpTrace Information: 0 : 28952, 13, 2023/07/14, 23:16:24.061, 3638356615153, vstest.console.dll, ProxyDataCollectionManager.InvokeDataCollectionServiceAction: Completed.
TpTrace Information: 0 : 28952, 9, 2023/07/14, 23:16:24.069, 3638356687187, vstest.console.dll, DataCollectionLauncher.ExitCallBack: Data collector exited with exitcode: 0 error: ''
TpTrace Verbose: 0 : 28952, 13, 2023/07/14, 23:16:24.104, 3638357040049, vstest.console.dll, TestRunRequest:SendTestRunStatsChange: Starting.
TpTrace Verbose: 0 : 28952, 13, 2023/07/14, 23:16:24.104, 3638357041411, vstest.console.dll, MulticastDelegateUtilities.SafeInvoke: TestRun.RunStatsChanged: Invoking callbacks was skipped because there are no subscribers.
TpTrace Information: 0 : 28952, 13, 2023/07/14, 23:16:24.104, 3638357041645, vstest.console.dll, TestRunRequest:SendTestRunStatsChange: Completed.
TpTrace Verbose: 0 : 28952, 4, 2023/07/14, 23:16:24.104, 3638357042348, vstest.console.dll, MulticastDelegateUtilities.SafeInvoke: InternalTestLoggerEvents.SendTestResult: Invoking callback 1/1 for Microsoft.VisualStudio.TestPlatform.CommandLine.Internal.ConsoleLogger., took 0 ms.
TpTrace Verbose: 0 : 28952, 13, 2023/07/14, 23:16:24.104, 3638357045848, vstest.console.dll, ParallelProxyExecutionManager: HandlePartialRunComplete: Total completed clients = 1, Run complete = True, Run canceled: False.
TpTrace Verbose: 0 : 28952, 4, 2023/07/14, 23:16:24.116, 3638357160656, vstest.console.dll, MulticastDelegateUtilities.SafeInvoke: InternalTestLoggerEvents.SendTestRunComplete: Invoking callback 1/2 for Microsoft.TestPlatform.Extensions.BlameDataCollector.BlameLogger., took 0 ms.
TpTrace Verbose: 0 : 28952, 4, 2023/07/14, 23:16:24.121, 3638357213755, vstest.console.dll, MulticastDelegateUtilities.SafeInvoke: InternalTestLoggerEvents.SendTestRunComplete: Invoking callback 2/2 for Microsoft.VisualStudio.TestPlatform.CommandLine.Internal.ConsoleLogger., took 5 ms.
TpTrace Verbose: 0 : 28952, 13, 2023/07/14, 23:16:24.122, 3638357217510, vstest.console.dll, TestRunRequest:TestRunComplete: Starting. IsAborted:False IsCanceled:False.
TpTrace Verbose: 0 : 28952, 13, 2023/07/14, 23:16:24.123, 3638357228466, vstest.console.dll, TestLoggerManager.HandleTestRunComplete: Ignoring as the object is disposed.
TpTrace Verbose: 0 : 28952, 13, 2023/07/14, 23:16:24.123, 3638357230801, vstest.console.dll, MulticastDelegateUtilities.SafeInvoke: TestRun.TestRunComplete: Invoking callback 1/2 for Microsoft.VisualStudio.TestPlatform.CommandLine.TestRunResultAggregator., took 0 ms.
TpTrace Verbose: 0 : 28952, 13, 2023/07/14, 23:16:24.123, 3638357232131, vstest.console.dll, MulticastDelegateUtilities.SafeInvoke: TestRun.TestRunComplete: Invoking callback 2/2 for Microsoft.VisualStudio.TestPlatform.CommandLine.Processors.RunTestsArgumentExecutor+TestRunRequestEventsRegistrar., took 0 ms.
TpTrace Information: 0 : 28952, 13, 2023/07/14, 23:16:24.123, 3638357232947, vstest.console.dll, TestRunRequest:TestRunComplete: Completed.
TpTrace Verbose: 0 : 28952, 13, 2023/07/14, 23:16:24.123, 3638357233205, vstest.console.dll, TestRequestSender.SetOperationComplete: Setting operation complete.
TpTrace Information: 0 : 28952, 13, 2023/07/14, 23:16:24.123, 3638357233398, vstest.console.dll, SocketServer.Stop: Stop server endPoint: 127.0.0.1:56164
TpTrace Information: 0 : 28952, 13, 2023/07/14, 23:16:24.123, 3638357233553, vstest.console.dll, SocketServer.Stop: Cancellation requested. Stopping message loop.
TpTrace Verbose: 0 : 28952, 13, 2023/07/14, 23:16:24.123, 3638357233740, vstest.console.dll, MulticastDelegateUtilities.SafeInvoke: LengthPrefixCommunicationChannel: MessageReceived: Invoking callback 1/1 for Microsoft.VisualStudio.TestPlatform.CommunicationUtilities.TestRequestSender+<>c__DisplayClass31_0., took 127 ms.
TpTrace Information: 0 : 28952, 13, 2023/07/14, 23:16:24.123, 3638357234029, vstest.console.dll, SocketServer.PrivateStop: Stopping server endPoint: 127.0.0.1:56164 error: 
TpTrace Verbose: 0 : 28952, 1, 2023/07/14, 23:16:24.123, 3638357234388, vstest.console.dll, TestRunRequest.Dispose: Starting.
TpTrace Information: 0 : 28952, 1, 2023/07/14, 23:16:24.123, 3638357235045, vstest.console.dll, TestRunRequest.Dispose: Completed.
TpTrace Information: 0 : 28952, 1, 2023/07/14, 23:16:24.123, 3638357235364, vstest.console.dll, TestRequestManager.RunTests: run tests completed.
TpTrace Information: 0 : 28952, 1, 2023/07/14, 23:16:24.124, 3638357236284, vstest.console.dll, RunTestsArgumentProcessor:Execute: Test run is completed.
TpTrace Verbose: 0 : 28952, 13, 2023/07/14, 23:16:24.124, 3638357237728, vstest.console.dll, LengthPrefixCommunicationChannel.Dispose: Dispose reader and writer.
TpTrace Verbose: 0 : 28952, 1, 2023/07/14, 23:16:24.124, 3638357238275, vstest.console.dll, Executor.Execute: Exiting with exit code of 0
TpTrace Information: 0 : 28952, 13, 2023/07/14, 23:16:24.124, 3638357238414, vstest.console.dll, SocketServer.Stop: Raise disconnected event endPoint: 127.0.0.1:56164 error: 
TpTrace Verbose: 0 : 28952, 13, 2023/07/14, 23:16:24.124, 3638357239242, vstest.console.dll, TestRequestSender: OnTestRunAbort: Operation is already complete. Skip error message.
TpTrace Verbose: 0 : 28952, 13, 2023/07/14, 23:16:24.124, 3638357239617, vstest.console.dll, MulticastDelegateUtilities.SafeInvoke: SocketServer: ClientDisconnected: Invoking callback 1/1 for Microsoft.VisualStudio.TestPlatform.CommunicationUtilities.TestRequestSender., took 0 ms.
TpTrace Verbose: 0 : 28952, 13, 2023/07/14, 23:16:24.124, 3638357240004, vstest.console.dll, TcpClientExtensions.MessageLoopAsync: exiting MessageLoopAsync remoteEndPoint: 127.0.0.1:56165 localEndPoint: 127.0.0.1:56164
